2014-12-16 10:26:08,975 ERROR   [wsgi-server-check-v3.py:186(application)] Unexpected error:Traceback (most recent call last):
  File "wsgi-server-check-v3.py", line 123, in application
    print(content)
IOError: [Errno 0] Error

2014-12-16 10:26:11,281 ERROR   [wsgi-server-check-v3.py:186(application)] Unexpected error:Traceback (most recent call last):
  File "wsgi-server-check-v3.py", line 123, in application
    print(content)
IOError: [Errno 0] Error

2014-12-16 10:26:13,845 ERROR   [wsgi-server-check-v3.py:186(application)] Unexpected error:Traceback (most recent call last):
  File "wsgi-server-check-v3.py", line 123, in application
    print(content)
IOError: [Errno 0] Error

2014-12-16 10:26:30,049 ERROR   [wsgi-server-check-v3.py:186(application)] Unexpected error:Traceback (most recent call last):
  File "wsgi-server-check-v3.py", line 123, in application
    print(content)
IOError: [Errno 0] Error

2014-12-16 10:26:30,102 ERROR   [wsgi-server-check-v3.py:186(application)] Unexpected error:Traceback (most recent call last):
  File "wsgi-server-check-v3.py", line 123, in application
    print(content)
IOError: [Errno 0] Error

2014-12-16 10:29:54,465 ERROR   [wsgi-server-check-v3.py:186(application)] Unexpected error:Traceback (most recent call last):
  File "wsgi-server-check-v3.py", line 123, in application
    print(content)
IOError: [Errno 0] Error

2014-12-16 10:36:43,647 ERROR   [wsgi-server-check-v3.py:186(application)] Unexpected error:Traceback (most recent call last):
  File "wsgi-server-check-v3.py", line 123, in application
    print("%s" % (content))
IOError: [Errno 0] Error

2014-12-16 10:36:43,661 ERROR   [wsgi-server-check-v3.py:186(application)] Unexpected error:Traceback (most recent call last):
  File "wsgi-server-check-v3.py", line 123, in application
    print("%s" % (content))
IOError: [Errno 0] Error

2014-12-16 10:36:43,662 ERROR   [wsgi-server-check-v3.py:186(application)] Unexpected error:Traceback (most recent call last):
  File "wsgi-server-check-v3.py", line 123, in application
    print("%s" % (content))
IOError: [Errno 0] Error

2014-12-16 10:36:43,665 ERROR   [wsgi-server-check-v3.py:186(application)] Unexpected error:Traceback (most recent call last):
  File "wsgi-server-check-v3.py", line 123, in application
    print("%s" % (content))
IOError: [Errno 0] Error

2014-12-16 10:36:43,703 ERROR   [wsgi-server-check-v3.py:186(application)] Unexpected error:Traceback (most recent call last):
  File "wsgi-server-check-v3.py", line 123, in application
    print("%s" % (content))
IOError: [Errno 0] Error

2014-12-16 10:36:43,720 ERROR   [wsgi-server-check-v3.py:186(application)] Unexpected error:Traceback (most recent call last):
  File "wsgi-server-check-v3.py", line 123, in application
    print("%s" % (content))
IOError: [Errno 0] Error

2014-12-16 10:36:43,986 ERROR   [wsgi-server-check-v3.py:186(application)] Unexpected error:Traceback (most recent call last):
  File "wsgi-server-check-v3.py", line 123, in application
    print("%s" % (content))
IOError: [Errno 0] Error

2014-12-16 10:36:44,295 ERROR   [wsgi-server-check-v3.py:186(application)] Unexpected error:Traceback (most recent call last):
  File "wsgi-server-check-v3.py", line 123, in application
    print("%s" % (content))
IOError: [Errno 0] Error

2014-12-16 10:36:44,401 ERROR   [wsgi-server-check-v3.py:186(application)] Unexpected error:Traceback (most recent call last):
  File "wsgi-server-check-v3.py", line 123, in application
    print("%s" % (content))
IOError: [Errno 0] Error

2014-12-16 10:36:44,685 ERROR   [wsgi-server-check-v3.py:186(application)] Unexpected error:Traceback (most recent call last):
  File "wsgi-server-check-v3.py", line 123, in application
    print("%s" % (content))
IOError: [Errno 0] Error

2014-12-16 10:36:45,413 ERROR   [wsgi-server-check-v3.py:186(application)] Unexpected error:Traceback (most recent call last):
  File "wsgi-server-check-v3.py", line 123, in application
    print("%s" % (content))
IOError: [Errno 0] Error

2014-12-16 10:36:45,420 ERROR   [wsgi-server-check-v3.py:186(application)] Unexpected error:Traceback (most recent call last):
  File "wsgi-server-check-v3.py", line 123, in application
    print("%s" % (content))
IOError: [Errno 0] Error

2014-12-16 10:36:45,422 ERROR   [wsgi-server-check-v3.py:186(application)] Unexpected error:Traceback (most recent call last):
  File "wsgi-server-check-v3.py", line 123, in application
    print("%s" % (content))
IOError: [Errno 0] Error

2014-12-16 10:36:45,427 ERROR   [wsgi-server-check-v3.py:186(application)] Unexpected error:Traceback (most recent call last):
  File "wsgi-server-check-v3.py", line 123, in application
    print("%s" % (content))
IOError: [Errno 0] Error

2014-12-16 10:36:45,526 ERROR   [wsgi-server-check-v3.py:186(application)] Unexpected error:Traceback (most recent call last):
  File "wsgi-server-check-v3.py", line 123, in application
    print("%s" % (content))
IOError: [Errno 0] Error

2014-12-16 10:36:45,531 ERROR   [wsgi-server-check-v3.py:186(application)] Unexpected error:Traceback (most recent call last):
  File "wsgi-server-check-v3.py", line 123, in application
    print("%s" % (content))
IOError: [Errno 0] Error

2014-12-16 10:36:45,881 ERROR   [wsgi-server-check-v3.py:186(application)] Unexpected error:Traceback (most recent call last):
  File "wsgi-server-check-v3.py", line 123, in application
    print("%s" % (content))
IOError: [Errno 0] Error

2014-12-16 10:36:46,081 ERROR   [wsgi-server-check-v3.py:186(application)] Unexpected error:Traceback (most recent call last):
  File "wsgi-server-check-v3.py", line 123, in application
    print("%s" % (content))
IOError: [Errno 0] Error

2014-12-16 10:36:46,669 ERROR   [wsgi-server-check-v3.py:186(application)] Unexpected error:Traceback (most recent call last):
  File "wsgi-server-check-v3.py", line 123, in application
    print("%s" % (content))
IOError: [Errno 0] Error

2014-12-16 10:36:46,862 ERROR   [wsgi-server-check-v3.py:186(application)] Unexpected error:Traceback (most recent call last):
  File "wsgi-server-check-v3.py", line 123, in application
    print("%s" % (content))
IOError: [Errno 0] Error

2014-12-16 10:36:46,982 ERROR   [wsgi-server-check-v3.py:186(application)] Unexpected error:Traceback (most recent call last):
  File "wsgi-server-check-v3.py", line 123, in application
    print("%s" % (content))
IOError: [Errno 0] Error

2014-12-16 10:36:47,184 ERROR   [wsgi-server-check-v3.py:186(application)] Unexpected error:Traceback (most recent call last):
  File "wsgi-server-check-v3.py", line 123, in application
    print("%s" % (content))
IOError: [Errno 0] Error

2014-12-16 10:36:52,486 ERROR   [wsgi-server-check-v3.py:186(application)] Unexpected error:Traceback (most recent call last):
  File "wsgi-server-check-v3.py", line 123, in application
    print("%s" % (content))
IOError: [Errno 0] Error

2014-12-16 10:36:52,526 ERROR   [wsgi-server-check-v3.py:186(application)] Unexpected error:Traceback (most recent call last):
  File "wsgi-server-check-v3.py", line 123, in application
    print("%s" % (content))
IOError: [Errno 0] Error

2014-12-16 10:36:52,640 ERROR   [wsgi-server-check-v3.py:186(application)] Unexpected error:Traceback (most recent call last):
  File "wsgi-server-check-v3.py", line 123, in application
    print("%s" % (content))
IOError: [Errno 0] Error

2014-12-16 10:36:52,640 ERROR   [wsgi-server-check-v3.py:186(application)] Unexpected error:Traceback (most recent call last):
  File "wsgi-server-check-v3.py", line 123, in application
    print("%s" % (content))
IOError: [Errno 0] Error

2014-12-16 10:36:52,643 ERROR   [wsgi-server-check-v3.py:186(application)] Unexpected error:Traceback (most recent call last):
  File "wsgi-server-check-v3.py", line 123, in application
    print("%s" % (content))
IOError: [Errno 0] Error

2014-12-16 19:50:03,920 ERROR   [wsgi-server-check-v3.py:66(application)] Argument Error : 6666, e9510081ac30ffa83f10b68cde1cac07, 5e7b84c8-7ec4-11e4-903f-e41f13653bfc, length=378
2014-12-16 19:50:04,142 ERROR   [wsgi-server-check-v3.py:66(application)] Argument Error : 6666, e9510081ac30ffa83f10b68cde1cac07, 5e7b84c8-7ec4-11e4-903f-e41f13653bfc, length=378
2014-12-16 19:50:04,309 ERROR   [wsgi-server-check-v3.py:66(application)] Argument Error : 6666, e9510081ac30ffa83f10b68cde1cac07, 5e7b84c8-7ec4-11e4-903f-e41f13653bfc, length=378
2014-12-16 19:50:04,310 ERROR   [wsgi-server-check-v3.py:66(application)] Argument Error : 6666, e9510081ac30ffa83f10b68cde1cac07, 5e7b84c8-7ec4-11e4-903f-e41f13653bfc, length=378
2014-12-16 19:50:04,649 ERROR   [wsgi-server-check-v3.py:66(application)] Argument Error : 6666, e9510081ac30ffa83f10b68cde1cac07, 5e7b84c8-7ec4-11e4-903f-e41f13653bfc, length=378
2014-12-16 19:50:04,808 ERROR   [wsgi-server-check-v3.py:66(application)] Argument Error : 6666, e9510081ac30ffa83f10b68cde1cac07, 5e7b84c8-7ec4-11e4-903f-e41f13653bfc, length=378
2014-12-16 19:50:04,839 ERROR   [wsgi-server-check-v3.py:66(application)] Argument Error : 6666, e9510081ac30ffa83f10b68cde1cac07, 5e7b84c8-7ec4-11e4-903f-e41f13653bfc, length=378
2014-12-16 19:50:04,918 ERROR   [wsgi-server-check-v3.py:66(application)] Argument Error : 6666, e9510081ac30ffa83f10b68cde1cac07, 5e7b84c8-7ec4-11e4-903f-e41f13653bfc, length=378
2014-12-16 19:50:05,567 ERROR   [wsgi-server-check-v3.py:66(application)] Argument Error : 6666, e9510081ac30ffa83f10b68cde1cac07, 5e7b84c8-7ec4-11e4-903f-e41f13653bfc, length=378
2014-12-16 19:50:06,285 ERROR   [wsgi-server-check-v3.py:66(application)] Argument Error : 6666, e9510081ac30ffa83f10b68cde1cac07, 5e7b84c8-7ec4-11e4-903f-e41f13653bfc, length=378
2014-12-16 19:50:06,285 ERROR   [wsgi-server-check-v3.py:66(application)] Argument Error : 6666, e9510081ac30ffa83f10b68cde1cac07, 5e7b84c8-7ec4-11e4-903f-e41f13653bfc, length=378
2014-12-16 19:50:06,285 ERROR   [wsgi-server-check-v3.py:66(application)] Argument Error : 6666, e9510081ac30ffa83f10b68cde1cac07, 5e7b84c8-7ec4-11e4-903f-e41f13653bfc, length=378
2014-12-16 19:50:06,290 ERROR   [wsgi-server-check-v3.py:66(application)] Argument Error : 6666, e9510081ac30ffa83f10b68cde1cac07, 5e7b84c8-7ec4-11e4-903f-e41f13653bfc, length=378
2014-12-16 19:50:06,302 ERROR   [wsgi-server-check-v3.py:66(application)] Argument Error : 6666, e9510081ac30ffa83f10b68cde1cac07, 5e7b84c8-7ec4-11e4-903f-e41f13653bfc, length=378
2014-12-16 19:50:06,314 ERROR   [wsgi-server-check-v3.py:66(application)] Argument Error : 6666, e9510081ac30ffa83f10b68cde1cac07, 5e7b84c8-7ec4-11e4-903f-e41f13653bfc, length=378
2014-12-16 19:50:06,316 ERROR   [wsgi-server-check-v3.py:66(application)] Argument Error : 6666, e9510081ac30ffa83f10b68cde1cac07, 5e7b84c8-7ec4-11e4-903f-e41f13653bfc, length=378
2014-12-16 19:50:06,318 ERROR   [wsgi-server-check-v3.py:66(application)] Argument Error : 6666, e9510081ac30ffa83f10b68cde1cac07, 5e7b84c8-7ec4-11e4-903f-e41f13653bfc, length=378
2014-12-16 19:50:06,319 ERROR   [wsgi-server-check-v3.py:66(application)] Argument Error : 6666, e9510081ac30ffa83f10b68cde1cac07, 5e7b84c8-7ec4-11e4-903f-e41f13653bfc, length=378
2014-12-16 19:50:06,337 ERROR   [wsgi-server-check-v3.py:66(application)] Argument Error : 6666, e9510081ac30ffa83f10b68cde1cac07, 5e7b84c8-7ec4-11e4-903f-e41f13653bfc, length=378
2014-12-16 19:50:06,342 ERROR   [wsgi-server-check-v3.py:66(application)] Argument Error : 6666, e9510081ac30ffa83f10b68cde1cac07, 5e7b84c8-7ec4-11e4-903f-e41f13653bfc, length=378
2014-12-16 19:50:06,347 ERROR   [wsgi-server-check-v3.py:66(application)] Argument Error : 6666, e9510081ac30ffa83f10b68cde1cac07, 5e7b84c8-7ec4-11e4-903f-e41f13653bfc, length=378
2014-12-16 19:50:06,372 ERROR   [wsgi-server-check-v3.py:66(application)] Argument Error : 6666, e9510081ac30ffa83f10b68cde1cac07, 5e7b84c8-7ec4-11e4-903f-e41f13653bfc, length=378
2014-12-16 19:50:06,380 ERROR   [wsgi-server-check-v3.py:66(application)] Argument Error : 6666, e9510081ac30ffa83f10b68cde1cac07, 5e7b84c8-7ec4-11e4-903f-e41f13653bfc, length=378
2014-12-16 19:50:06,387 ERROR   [wsgi-server-check-v3.py:66(application)] Argument Error : 6666, e9510081ac30ffa83f10b68cde1cac07, 5e7b84c8-7ec4-11e4-903f-e41f13653bfc, length=378
2014-12-16 19:50:06,388 ERROR   [wsgi-server-check-v3.py:66(application)] Argument Error : 6666, e9510081ac30ffa83f10b68cde1cac07, 5e7b84c8-7ec4-11e4-903f-e41f13653bfc, length=378
2014-12-16 19:50:06,389 ERROR   [wsgi-server-check-v3.py:66(application)] Argument Error : 6666, e9510081ac30ffa83f10b68cde1cac07, 5e7b84c8-7ec4-11e4-903f-e41f13653bfc, length=378
2014-12-16 19:50:06,389 ERROR   [wsgi-server-check-v3.py:66(application)] Argument Error : 6666, e9510081ac30ffa83f10b68cde1cac07, 5e7b84c8-7ec4-11e4-903f-e41f13653bfc, length=378
2014-12-16 19:50:06,393 ERROR   [wsgi-server-check-v3.py:66(application)] Argument Error : 6666, e9510081ac30ffa83f10b68cde1cac07, 5e7b84c8-7ec4-11e4-903f-e41f13653bfc, length=378
2014-12-16 19:50:06,415 ERROR   [wsgi-server-check-v3.py:66(application)] Argument Error : 6666, e9510081ac30ffa83f10b68cde1cac07, 5e7b84c8-7ec4-11e4-903f-e41f13653bfc, length=378
2014-12-16 19:50:06,439 ERROR   [wsgi-server-check-v3.py:66(application)] Argument Error : 6666, e9510081ac30ffa83f10b68cde1cac07, 5e7b84c8-7ec4-11e4-903f-e41f13653bfc, length=378
2014-12-16 19:50:06,467 ERROR   [wsgi-server-check-v3.py:66(application)] Argument Error : 6666, e9510081ac30ffa83f10b68cde1cac07, 5e7b84c8-7ec4-11e4-903f-e41f13653bfc, length=378
2014-12-16 19:50:06,468 ERROR   [wsgi-server-check-v3.py:66(application)] Argument Error : 6666, e9510081ac30ffa83f10b68cde1cac07, 5e7b84c8-7ec4-11e4-903f-e41f13653bfc, length=378
2014-12-16 19:50:06,474 ERROR   [wsgi-server-check-v3.py:66(application)] Argument Error : 6666, e9510081ac30ffa83f10b68cde1cac07, 5e7b84c8-7ec4-11e4-903f-e41f13653bfc, length=378
2014-12-16 19:50:06,474 ERROR   [wsgi-server-check-v3.py:66(application)] Argument Error : 6666, e9510081ac30ffa83f10b68cde1cac07, 5e7b84c8-7ec4-11e4-903f-e41f13653bfc, length=378
2014-12-16 19:50:06,514 ERROR   [wsgi-server-check-v3.py:66(application)] Argument Error : 6666, e9510081ac30ffa83f10b68cde1cac07, 5e7b84c8-7ec4-11e4-903f-e41f13653bfc, length=378
2014-12-16 19:50:06,539 ERROR   [wsgi-server-check-v3.py:66(application)] Argument Error : 6666, e9510081ac30ffa83f10b68cde1cac07, 5e7b84c8-7ec4-11e4-903f-e41f13653bfc, length=378
2014-12-16 19:50:06,553 ERROR   [wsgi-server-check-v3.py:66(application)] Argument Error : 6666, e9510081ac30ffa83f10b68cde1cac07, 5e7b84c8-7ec4-11e4-903f-e41f13653bfc, length=378
2014-12-16 19:50:06,553 ERROR   [wsgi-server-check-v3.py:66(application)] Argument Error : 6666, e9510081ac30ffa83f10b68cde1cac07, 5e7b84c8-7ec4-11e4-903f-e41f13653bfc, length=378
2014-12-16 19:50:06,553 ERROR   [wsgi-server-check-v3.py:66(application)] Argument Error : 6666, e9510081ac30ffa83f10b68cde1cac07, 5e7b84c8-7ec4-11e4-903f-e41f13653bfc, length=378
2014-12-16 19:50:06,554 ERROR   [wsgi-server-check-v3.py:66(application)] Argument Error : 6666, e9510081ac30ffa83f10b68cde1cac07, 5e7b84c8-7ec4-11e4-903f-e41f13653bfc, length=378
2014-12-16 19:50:06,575 ERROR   [wsgi-server-check-v3.py:66(application)] Argument Error : 6666, e9510081ac30ffa83f10b68cde1cac07, 5e7b84c8-7ec4-11e4-903f-e41f13653bfc, length=378
2014-12-16 19:50:06,583 ERROR   [wsgi-server-check-v3.py:66(application)] Argument Error : 6666, e9510081ac30ffa83f10b68cde1cac07, 5e7b84c8-7ec4-11e4-903f-e41f13653bfc, length=378
2014-12-16 19:50:06,584 ERROR   [wsgi-server-check-v3.py:66(application)] Argument Error : 6666, e9510081ac30ffa83f10b68cde1cac07, 5e7b84c8-7ec4-11e4-903f-e41f13653bfc, length=378
2014-12-16 19:50:06,585 ERROR   [wsgi-server-check-v3.py:66(application)] Argument Error : 6666, e9510081ac30ffa83f10b68cde1cac07, 5e7b84c8-7ec4-11e4-903f-e41f13653bfc, length=378
2014-12-16 19:50:06,621 ERROR   [wsgi-server-check-v3.py:66(application)] Argument Error : 6666, e9510081ac30ffa83f10b68cde1cac07, 5e7b84c8-7ec4-11e4-903f-e41f13653bfc, length=378
2014-12-16 19:50:06,637 ERROR   [wsgi-server-check-v3.py:66(application)] Argument Error : 6666, e9510081ac30ffa83f10b68cde1cac07, 5e7b84c8-7ec4-11e4-903f-e41f13653bfc, length=378
2014-12-16 19:50:06,648 ERROR   [wsgi-server-check-v3.py:66(application)] Argument Error : 6666, e9510081ac30ffa83f10b68cde1cac07, 5e7b84c8-7ec4-11e4-903f-e41f13653bfc, length=378
2014-12-16 19:50:06,649 ERROR   [wsgi-server-check-v3.py:66(application)] Argument Error : 6666, e9510081ac30ffa83f10b68cde1cac07, 5e7b84c8-7ec4-11e4-903f-e41f13653bfc, length=378
2014-12-16 19:50:06,660 ERROR   [wsgi-server-check-v3.py:66(application)] Argument Error : 6666, e9510081ac30ffa83f10b68cde1cac07, 5e7b84c8-7ec4-11e4-903f-e41f13653bfc, length=378
2014-12-16 19:50:06,690 ERROR   [wsgi-server-check-v3.py:66(application)] Argument Error : 6666, e9510081ac30ffa83f10b68cde1cac07, 5e7b84c8-7ec4-11e4-903f-e41f13653bfc, length=378
2014-12-16 19:50:06,698 ERROR   [wsgi-server-check-v3.py:66(application)] Argument Error : 6666, e9510081ac30ffa83f10b68cde1cac07, 5e7b84c8-7ec4-11e4-903f-e41f13653bfc, length=378
2014-12-16 19:50:06,704 ERROR   [wsgi-server-check-v3.py:66(application)] Argument Error : 6666, e9510081ac30ffa83f10b68cde1cac07, 5e7b84c8-7ec4-11e4-903f-e41f13653bfc, length=378
2014-12-16 19:50:07,897 ERROR   [wsgi-server-check-v3.py:66(application)] Argument Error : 6666, e9510081ac30ffa83f10b68cde1cac07, 5e7b84c8-7ec4-11e4-903f-e41f13653bfc, length=378
2014-12-16 19:50:09,025 ERROR   [wsgi-server-check-v3.py:66(application)] Argument Error : 6666, e9510081ac30ffa83f10b68cde1cac07, 5e7b84c8-7ec4-11e4-903f-e41f13653bfc, length=378
2014-12-16 19:50:09,030 ERROR   [wsgi-server-check-v3.py:66(application)] Argument Error : 6666, e9510081ac30ffa83f10b68cde1cac07, 5e7b84c8-7ec4-11e4-903f-e41f13653bfc, length=378
2014-12-16 19:50:09,038 ERROR   [wsgi-server-check-v3.py:66(application)] Argument Error : 6666, e9510081ac30ffa83f10b68cde1cac07, 5e7b84c8-7ec4-11e4-903f-e41f13653bfc, length=378
2014-12-16 19:50:09,237 ERROR   [wsgi-server-check-v3.py:66(application)] Argument Error : 6666, e9510081ac30ffa83f10b68cde1cac07, 5e7b84c8-7ec4-11e4-903f-e41f13653bfc, length=378
2014-12-16 19:50:09,245 ERROR   [wsgi-server-check-v3.py:66(application)] Argument Error : 6666, e9510081ac30ffa83f10b68cde1cac07, 5e7b84c8-7ec4-11e4-903f-e41f13653bfc, length=378
2014-12-16 19:50:09,929 ERROR   [wsgi-server-check-v3.py:66(application)] Argument Error : 6666, e9510081ac30ffa83f10b68cde1cac07, 5e7b84c8-7ec4-11e4-903f-e41f13653bfc, length=378
2014-12-16 19:50:09,933 ERROR   [wsgi-server-check-v3.py:66(application)] Argument Error : 6666, e9510081ac30ffa83f10b68cde1cac07, 5e7b84c8-7ec4-11e4-903f-e41f13653bfc, length=378
2014-12-16 19:50:10,045 ERROR   [wsgi-server-check-v3.py:66(application)] Argument Error : 6666, e9510081ac30ffa83f10b68cde1cac07, 5e7b84c8-7ec4-11e4-903f-e41f13653bfc, length=378
2014-12-16 19:50:10,046 ERROR   [wsgi-server-check-v3.py:66(application)] Argument Error : 6666, e9510081ac30ffa83f10b68cde1cac07, 5e7b84c8-7ec4-11e4-903f-e41f13653bfc, length=378
2014-12-16 19:50:10,046 ERROR   [wsgi-server-check-v3.py:66(application)] Argument Error : 6666, e9510081ac30ffa83f10b68cde1cac07, 5e7b84c8-7ec4-11e4-903f-e41f13653bfc, length=378
2014-12-16 19:50:10,047 ERROR   [wsgi-server-check-v3.py:66(application)] Argument Error : 6666, e9510081ac30ffa83f10b68cde1cac07, 5e7b84c8-7ec4-11e4-903f-e41f13653bfc, length=378
2014-12-16 19:50:10,250 ERROR   [wsgi-server-check-v3.py:66(application)] Argument Error : 6666, e9510081ac30ffa83f10b68cde1cac07, 5e7b84c8-7ec4-11e4-903f-e41f13653bfc, length=378
2014-12-16 19:50:11,026 ERROR   [wsgi-server-check-v3.py:66(application)] Argument Error : 6666, e9510081ac30ffa83f10b68cde1cac07, 5e7b84c8-7ec4-11e4-903f-e41f13653bfc, length=378
2014-12-16 19:50:11,254 ERROR   [wsgi-server-check-v3.py:66(application)] Argument Error : 6666, e9510081ac30ffa83f10b68cde1cac07, 5e7b84c8-7ec4-11e4-903f-e41f13653bfc, length=378
2014-12-16 19:50:11,299 ERROR   [wsgi-server-check-v3.py:66(application)] Argument Error : 6666, e9510081ac30ffa83f10b68cde1cac07, 5e7b84c8-7ec4-11e4-903f-e41f13653bfc, length=378
2014-12-16 19:50:11,336 ERROR   [wsgi-server-check-v3.py:66(application)] Argument Error : 6666, e9510081ac30ffa83f10b68cde1cac07, 5e7b84c8-7ec4-11e4-903f-e41f13653bfc, length=378
2014-12-16 19:50:11,850 ERROR   [wsgi-server-check-v3.py:66(application)] Argument Error : 6666, e9510081ac30ffa83f10b68cde1cac07, 5e7b84c8-7ec4-11e4-903f-e41f13653bfc, length=378
2014-12-16 19:50:11,861 ERROR   [wsgi-server-check-v3.py:66(application)] Argument Error : 6666, e9510081ac30ffa83f10b68cde1cac07, 5e7b84c8-7ec4-11e4-903f-e41f13653bfc, length=378
2014-12-16 19:50:15,949 ERROR   [wsgi-server-check-v3.py:66(application)] Argument Error : 6666, e9510081ac30ffa83f10b68cde1cac07, 5e7b84c8-7ec4-11e4-903f-e41f13653bfc, length=378
2014-12-16 19:50:15,951 ERROR   [wsgi-server-check-v3.py:66(application)] Argument Error : 6666, e9510081ac30ffa83f10b68cde1cac07, 5e7b84c8-7ec4-11e4-903f-e41f13653bfc, length=378
2014-12-16 19:50:15,965 ERROR   [wsgi-server-check-v3.py:66(application)] Argument Error : 6666, e9510081ac30ffa83f10b68cde1cac07, 5e7b84c8-7ec4-11e4-903f-e41f13653bfc, length=378
2014-12-16 19:50:16,050 ERROR   [wsgi-server-check-v3.py:66(application)] Argument Error : 6666, e9510081ac30ffa83f10b68cde1cac07, 5e7b84c8-7ec4-11e4-903f-e41f13653bfc, length=378
2014-12-16 19:50:16,051 ERROR   [wsgi-server-check-v3.py:66(application)] Argument Error : 6666, e9510081ac30ffa83f10b68cde1cac07, 5e7b84c8-7ec4-11e4-903f-e41f13653bfc, length=378
2014-12-16 19:50:16,145 ERROR   [wsgi-server-check-v3.py:66(application)] Argument Error : 6666, e9510081ac30ffa83f10b68cde1cac07, 5e7b84c8-7ec4-11e4-903f-e41f13653bfc, length=378
2014-12-16 19:50:16,386 ERROR   [wsgi-server-check-v3.py:66(application)] Argument Error : 6666, e9510081ac30ffa83f10b68cde1cac07, 5e7b84c8-7ec4-11e4-903f-e41f13653bfc, length=378
2014-12-16 19:50:16,507 ERROR   [wsgi-server-check-v3.py:66(application)] Argument Error : 6666, e9510081ac30ffa83f10b68cde1cac07, 5e7b84c8-7ec4-11e4-903f-e41f13653bfc, length=378
2014-12-16 19:50:16,634 ERROR   [wsgi-server-check-v3.py:66(application)] Argument Error : 6666, e9510081ac30ffa83f10b68cde1cac07, 5e7b84c8-7ec4-11e4-903f-e41f13653bfc, length=378
2014-12-16 19:50:16,635 ERROR   [wsgi-server-check-v3.py:66(application)] Argument Error : 6666, e9510081ac30ffa83f10b68cde1cac07, 5e7b84c8-7ec4-11e4-903f-e41f13653bfc, length=378
2014-12-16 19:50:18,049 ERROR   [wsgi-server-check-v3.py:66(application)] Argument Error : 6666, e9510081ac30ffa83f10b68cde1cac07, 5e7b84c8-7ec4-11e4-903f-e41f13653bfc, length=378
2014-12-16 19:50:20,023 ERROR   [wsgi-server-check-v3.py:66(application)] Argument Error : 6666, e9510081ac30ffa83f10b68cde1cac07, 5e7b84c8-7ec4-11e4-903f-e41f13653bfc, length=378
2014-12-16 19:50:20,024 ERROR   [wsgi-server-check-v3.py:66(application)] Argument Error : 6666, e9510081ac30ffa83f10b68cde1cac07, 5e7b84c8-7ec4-11e4-903f-e41f13653bfc, length=378
2014-12-16 19:50:20,232 ERROR   [wsgi-server-check-v3.py:66(application)] Argument Error : 6666, e9510081ac30ffa83f10b68cde1cac07, 5e7b84c8-7ec4-11e4-903f-e41f13653bfc, length=378
2014-12-16 19:50:20,232 ERROR   [wsgi-server-check-v3.py:66(application)] Argument Error : 6666, e9510081ac30ffa83f10b68cde1cac07, 5e7b84c8-7ec4-11e4-903f-e41f13653bfc, length=378
2014-12-16 19:50:20,233 ERROR   [wsgi-server-check-v3.py:66(application)] Argument Error : 6666, e9510081ac30ffa83f10b68cde1cac07, 5e7b84c8-7ec4-11e4-903f-e41f13653bfc, length=378
2014-12-16 19:50:20,235 ERROR   [wsgi-server-check-v3.py:66(application)] Argument Error : 6666, e9510081ac30ffa83f10b68cde1cac07, 5e7b84c8-7ec4-11e4-903f-e41f13653bfc, length=378
2014-12-16 19:50:20,959 ERROR   [wsgi-server-check-v3.py:66(application)] Argument Error : 6666, e9510081ac30ffa83f10b68cde1cac07, 5e7b84c8-7ec4-11e4-903f-e41f13653bfc, length=378
2014-12-16 19:50:21,032 ERROR   [wsgi-server-check-v3.py:66(application)] Argument Error : 6666, e9510081ac30ffa83f10b68cde1cac07, 5e7b84c8-7ec4-11e4-903f-e41f13653bfc, length=378
2014-12-16 19:50:21,034 ERROR   [wsgi-server-check-v3.py:66(application)] Argument Error : 6666, e9510081ac30ffa83f10b68cde1cac07, 5e7b84c8-7ec4-11e4-903f-e41f13653bfc, length=378
2014-12-16 19:50:21,035 ERROR   [wsgi-server-check-v3.py:66(application)] Argument Error : 6666, e9510081ac30ffa83f10b68cde1cac07, 5e7b84c8-7ec4-11e4-903f-e41f13653bfc, length=378
2014-12-16 19:50:21,034 ERROR   [wsgi-server-check-v3.py:66(application)] Argument Error : 6666, e9510081ac30ffa83f10b68cde1cac07, 5e7b84c8-7ec4-11e4-903f-e41f13653bfc, length=378
2014-12-16 19:50:22,036 ERROR   [wsgi-server-check-v3.py:66(application)] Argument Error : 6666, e9510081ac30ffa83f10b68cde1cac07, 5e7b84c8-7ec4-11e4-903f-e41f13653bfc, length=378
2014-12-16 19:50:23,046 ERROR   [wsgi-server-check-v3.py:66(application)] Argument Error : 6666, e9510081ac30ffa83f10b68cde1cac07, 5e7b84c8-7ec4-11e4-903f-e41f13653bfc, length=378
2014-12-16 19:50:23,047 ERROR   [wsgi-server-check-v3.py:66(application)] Argument Error : 6666, e9510081ac30ffa83f10b68cde1cac07, 5e7b84c8-7ec4-11e4-903f-e41f13653bfc, length=378
2014-12-16 19:50:24,320 ERROR   [wsgi-server-check-v3.py:66(application)] Argument Error : 6666, e9510081ac30ffa83f10b68cde1cac07, 5e7b84c8-7ec4-11e4-903f-e41f13653bfc, length=378
2014-12-16 19:50:34,026 ERROR   [wsgi-server-check-v3.py:66(application)] Argument Error : 6666, e9510081ac30ffa83f10b68cde1cac07, 5e7b84c8-7ec4-11e4-903f-e41f13653bfc, length=378
2014-12-16 19:50:34,742 ERROR   [wsgi-server-check-v3.py:66(application)] Argument Error : 6666, e9510081ac30ffa83f10b68cde1cac07, 5e7b84c8-7ec4-11e4-903f-e41f13653bfc, length=378
2014-12-16 19:50:36,219 ERROR   [wsgi-server-check-v3.py:66(application)] Argument Error : 6666, e9510081ac30ffa83f10b68cde1cac07, 5e7b84c8-7ec4-11e4-903f-e41f13653bfc, length=378
2014-12-16 19:50:36,297 ERROR   [wsgi-server-check-v3.py:66(application)] Argument Error : 6666, e9510081ac30ffa83f10b68cde1cac07, 5e7b84c8-7ec4-11e4-903f-e41f13653bfc, length=378
2014-12-16 19:50:36,688 ERROR   [wsgi-server-check-v3.py:66(application)] Argument Error : 6666, e9510081ac30ffa83f10b68cde1cac07, 5e7b84c8-7ec4-11e4-903f-e41f13653bfc, length=378
2014-12-16 19:50:37,125 ERROR   [wsgi-server-check-v3.py:66(application)] Argument Error : 6666, e9510081ac30ffa83f10b68cde1cac07, 5e7b84c8-7ec4-11e4-903f-e41f13653bfc, length=378
2014-12-16 19:50:40,511 ERROR   [wsgi-server-check-v3.py:66(application)] Argument Error : 6666, e9510081ac30ffa83f10b68cde1cac07, 5e7b84c8-7ec4-11e4-903f-e41f13653bfc, length=378
2014-12-16 19:50:42,323 ERROR   [wsgi-server-check-v3.py:66(application)] Argument Error : 6666, e9510081ac30ffa83f10b68cde1cac07, 5e7b84c8-7ec4-11e4-903f-e41f13653bfc, length=378
2014-12-16 19:50:42,827 ERROR   [wsgi-server-check-v3.py:66(application)] Argument Error : 6666, e9510081ac30ffa83f10b68cde1cac07, 5e7b84c8-7ec4-11e4-903f-e41f13653bfc, length=378
2014-12-16 19:50:42,964 ERROR   [wsgi-server-check-v3.py:66(application)] Argument Error : 6666, e9510081ac30ffa83f10b68cde1cac07, 5e7b84c8-7ec4-11e4-903f-e41f13653bfc, length=378
2014-12-16 19:50:42,982 ERROR   [wsgi-server-check-v3.py:66(application)] Argument Error : 6666, e9510081ac30ffa83f10b68cde1cac07, 5e7b84c8-7ec4-11e4-903f-e41f13653bfc, length=378
2014-12-16 19:50:42,984 ERROR   [wsgi-server-check-v3.py:66(application)] Argument Error : 6666, e9510081ac30ffa83f10b68cde1cac07, 5e7b84c8-7ec4-11e4-903f-e41f13653bfc, length=378
2014-12-16 19:50:42,989 ERROR   [wsgi-server-check-v3.py:66(application)] Argument Error : 6666, e9510081ac30ffa83f10b68cde1cac07, 5e7b84c8-7ec4-11e4-903f-e41f13653bfc, length=378
2014-12-16 19:50:45,036 ERROR   [wsgi-server-check-v3.py:66(application)] Argument Error : 6666, e9510081ac30ffa83f10b68cde1cac07, 5e7b84c8-7ec4-11e4-903f-e41f13653bfc, length=378
2014-12-16 19:50:45,037 ERROR   [wsgi-server-check-v3.py:66(application)] Argument Error : 6666, e9510081ac30ffa83f10b68cde1cac07, 5e7b84c8-7ec4-11e4-903f-e41f13653bfc, length=378
2014-12-16 19:50:45,037 ERROR   [wsgi-server-check-v3.py:66(application)] Argument Error : 6666, e9510081ac30ffa83f10b68cde1cac07, 5e7b84c8-7ec4-11e4-903f-e41f13653bfc, length=378
2014-12-16 19:50:45,037 ERROR   [wsgi-server-check-v3.py:66(application)] Argument Error : 6666, e9510081ac30ffa83f10b68cde1cac07, 5e7b84c8-7ec4-11e4-903f-e41f13653bfc, length=378
2014-12-16 19:50:45,037 ERROR   [wsgi-server-check-v3.py:66(application)] Argument Error : 6666, e9510081ac30ffa83f10b68cde1cac07, 5e7b84c8-7ec4-11e4-903f-e41f13653bfc, length=378
2014-12-16 19:50:45,038 ERROR   [wsgi-server-check-v3.py:66(application)] Argument Error : 6666, e9510081ac30ffa83f10b68cde1cac07, 5e7b84c8-7ec4-11e4-903f-e41f13653bfc, length=378
2014-12-16 19:50:45,253 ERROR   [wsgi-server-check-v3.py:66(application)] Argument Error : 6666, e9510081ac30ffa83f10b68cde1cac07, 5e7b84c8-7ec4-11e4-903f-e41f13653bfc, length=378
2014-12-16 19:50:45,340 ERROR   [wsgi-server-check-v3.py:66(application)] Argument Error : 6666, e9510081ac30ffa83f10b68cde1cac07, 5e7b84c8-7ec4-11e4-903f-e41f13653bfc, length=378
2014-12-16 19:50:45,343 ERROR   [wsgi-server-check-v3.py:66(application)] Argument Error : 6666, e9510081ac30ffa83f10b68cde1cac07, 5e7b84c8-7ec4-11e4-903f-e41f13653bfc, length=378
2014-12-16 19:50:45,346 ERROR   [wsgi-server-check-v3.py:66(application)] Argument Error : 6666, e9510081ac30ffa83f10b68cde1cac07, 5e7b84c8-7ec4-11e4-903f-e41f13653bfc, length=378
2014-12-16 19:50:45,347 ERROR   [wsgi-server-check-v3.py:66(application)] Argument Error : 6666, e9510081ac30ffa83f10b68cde1cac07, 5e7b84c8-7ec4-11e4-903f-e41f13653bfc, length=378
2014-12-16 19:51:06,408 ERROR   [wsgi-server-check-v3.py:66(application)] Argument Error : 6666, e9510081ac30ffa83f10b68cde1cac07, 5e7b84c8-7ec4-11e4-903f-e41f13653bfc, length=378
2014-12-16 19:51:06,429 ERROR   [wsgi-server-check-v3.py:66(application)] Argument Error : 6666, e9510081ac30ffa83f10b68cde1cac07, 5e7b84c8-7ec4-11e4-903f-e41f13653bfc, length=378
2014-12-16 19:51:06,480 ERROR   [wsgi-server-check-v3.py:66(application)] Argument Error : 6666, e9510081ac30ffa83f10b68cde1cac07, 5e7b84c8-7ec4-11e4-903f-e41f13653bfc, length=378
2014-12-16 19:51:06,566 ERROR   [wsgi-server-check-v3.py:66(application)] Argument Error : 6666, e9510081ac30ffa83f10b68cde1cac07, 5e7b84c8-7ec4-11e4-903f-e41f13653bfc, length=378
2014-12-16 19:51:06,601 ERROR   [wsgi-server-check-v3.py:66(application)] Argument Error : 6666, e9510081ac30ffa83f10b68cde1cac07, 5e7b84c8-7ec4-11e4-903f-e41f13653bfc, length=378
2014-12-16 19:51:06,661 ERROR   [wsgi-server-check-v3.py:66(application)] Argument Error : 6666, e9510081ac30ffa83f10b68cde1cac07, 5e7b84c8-7ec4-11e4-903f-e41f13653bfc, length=378
2014-12-16 19:51:06,814 ERROR   [wsgi-server-check-v3.py:66(application)] Argument Error : 6666, e9510081ac30ffa83f10b68cde1cac07, 5e7b84c8-7ec4-11e4-903f-e41f13653bfc, length=378
2014-12-16 19:51:36,029 ERROR   [wsgi-server-check-v3.py:66(application)] Argument Error : 6666, e9510081ac30ffa83f10b68cde1cac07, 5e7b84c8-7ec4-11e4-903f-e41f13653bfc, length=378
2014-12-16 19:51:36,242 ERROR   [wsgi-server-check-v3.py:66(application)] Argument Error : 6666, e9510081ac30ffa83f10b68cde1cac07, 5e7b84c8-7ec4-11e4-903f-e41f13653bfc, length=378
2014-12-16 19:51:36,242 ERROR   [wsgi-server-check-v3.py:66(application)] Argument Error : 6666, e9510081ac30ffa83f10b68cde1cac07, 5e7b84c8-7ec4-11e4-903f-e41f13653bfc, length=378
2014-12-16 19:51:36,312 ERROR   [wsgi-server-check-v3.py:66(application)] Argument Error : 6666, e9510081ac30ffa83f10b68cde1cac07, 5e7b84c8-7ec4-11e4-903f-e41f13653bfc, length=378
2014-12-16 19:51:36,381 ERROR   [wsgi-server-check-v3.py:66(application)] Argument Error : 6666, e9510081ac30ffa83f10b68cde1cac07, 5e7b84c8-7ec4-11e4-903f-e41f13653bfc, length=378
2014-12-16 19:51:36,434 ERROR   [wsgi-server-check-v3.py:66(application)] Argument Error : 6666, e9510081ac30ffa83f10b68cde1cac07, 5e7b84c8-7ec4-11e4-903f-e41f13653bfc, length=378
2014-12-16 19:51:36,440 ERROR   [wsgi-server-check-v3.py:66(application)] Argument Error : 6666, e9510081ac30ffa83f10b68cde1cac07, 5e7b84c8-7ec4-11e4-903f-e41f13653bfc, length=378
2014-12-16 19:51:36,506 ERROR   [wsgi-server-check-v3.py:66(application)] Argument Error : 6666, e9510081ac30ffa83f10b68cde1cac07, 5e7b84c8-7ec4-11e4-903f-e41f13653bfc, length=378
2014-12-16 19:51:36,692 ERROR   [wsgi-server-check-v3.py:66(application)] Argument Error : 6666, e9510081ac30ffa83f10b68cde1cac07, 5e7b84c8-7ec4-11e4-903f-e41f13653bfc, length=378
2014-12-16 19:51:36,847 ERROR   [wsgi-server-check-v3.py:66(application)] Argument Error : 6666, e9510081ac30ffa83f10b68cde1cac07, 5e7b84c8-7ec4-11e4-903f-e41f13653bfc, length=378
2014-12-16 19:51:39,462 ERROR   [wsgi-server-check-v3.py:66(application)] Argument Error : 6666, e9510081ac30ffa83f10b68cde1cac07, 5e7b84c8-7ec4-11e4-903f-e41f13653bfc, length=378
2014-12-16 19:51:40,344 ERROR   [wsgi-server-check-v3.py:66(application)] Argument Error : 6666, e9510081ac30ffa83f10b68cde1cac07, 5e7b84c8-7ec4-11e4-903f-e41f13653bfc, length=378
2014-12-16 19:51:40,351 ERROR   [wsgi-server-check-v3.py:66(application)] Argument Error : 6666, e9510081ac30ffa83f10b68cde1cac07, 5e7b84c8-7ec4-11e4-903f-e41f13653bfc, length=378
2014-12-16 19:51:40,379 ERROR   [wsgi-server-check-v3.py:66(application)] Argument Error : 6666, e9510081ac30ffa83f10b68cde1cac07, 5e7b84c8-7ec4-11e4-903f-e41f13653bfc, length=378
2014-12-16 19:51:40,382 ERROR   [wsgi-server-check-v3.py:66(application)] Argument Error : 6666, e9510081ac30ffa83f10b68cde1cac07, 5e7b84c8-7ec4-11e4-903f-e41f13653bfc, length=378
2014-12-16 19:51:40,458 ERROR   [wsgi-server-check-v3.py:66(application)] Argument Error : 6666, e9510081ac30ffa83f10b68cde1cac07, 5e7b84c8-7ec4-11e4-903f-e41f13653bfc, length=378
2014-12-16 19:51:40,480 ERROR   [wsgi-server-check-v3.py:66(application)] Argument Error : 6666, e9510081ac30ffa83f10b68cde1cac07, 5e7b84c8-7ec4-11e4-903f-e41f13653bfc, length=378
2014-12-16 19:51:40,493 ERROR   [wsgi-server-check-v3.py:66(application)] Argument Error : 6666, e9510081ac30ffa83f10b68cde1cac07, 5e7b84c8-7ec4-11e4-903f-e41f13653bfc, length=378
2014-12-16 19:51:40,569 ERROR   [wsgi-server-check-v3.py:66(application)] Argument Error : 6666, e9510081ac30ffa83f10b68cde1cac07, 5e7b84c8-7ec4-11e4-903f-e41f13653bfc, length=378
2014-12-16 19:51:40,675 ERROR   [wsgi-server-check-v3.py:66(application)] Argument Error : 6666, e9510081ac30ffa83f10b68cde1cac07, 5e7b84c8-7ec4-11e4-903f-e41f13653bfc, length=378
2014-12-16 19:51:40,724 ERROR   [wsgi-server-check-v3.py:66(application)] Argument Error : 6666, e9510081ac30ffa83f10b68cde1cac07, 5e7b84c8-7ec4-11e4-903f-e41f13653bfc, length=378
2014-12-16 19:51:40,724 ERROR   [wsgi-server-check-v3.py:66(application)] Argument Error : 6666, e9510081ac30ffa83f10b68cde1cac07, 5e7b84c8-7ec4-11e4-903f-e41f13653bfc, length=378
2014-12-16 19:51:40,816 ERROR   [wsgi-server-check-v3.py:66(application)] Argument Error : 6666, e9510081ac30ffa83f10b68cde1cac07, 5e7b84c8-7ec4-11e4-903f-e41f13653bfc, length=378
2014-12-16 19:51:40,817 ERROR   [wsgi-server-check-v3.py:66(application)] Argument Error : 6666, e9510081ac30ffa83f10b68cde1cac07, 5e7b84c8-7ec4-11e4-903f-e41f13653bfc, length=378
2014-12-16 19:51:40,833 ERROR   [wsgi-server-check-v3.py:66(application)] Argument Error : 6666, e9510081ac30ffa83f10b68cde1cac07, 5e7b84c8-7ec4-11e4-903f-e41f13653bfc, length=378
2014-12-16 19:51:41,222 ERROR   [wsgi-server-check-v3.py:66(application)] Argument Error : 6666, e9510081ac30ffa83f10b68cde1cac07, 5e7b84c8-7ec4-11e4-903f-e41f13653bfc, length=378
2014-12-16 19:51:42,144 ERROR   [wsgi-server-check-v3.py:66(application)] Argument Error : 6666, e9510081ac30ffa83f10b68cde1cac07, 5e7b84c8-7ec4-11e4-903f-e41f13653bfc, length=378
2014-12-16 19:51:48,716 ERROR   [wsgi-server-check-v3.py:66(application)] Argument Error : 6666, e9510081ac30ffa83f10b68cde1cac07, 5e7b84c8-7ec4-11e4-903f-e41f13653bfc, length=378
2014-12-16 19:51:49,029 ERROR   [wsgi-server-check-v3.py:66(application)] Argument Error : 6666, e9510081ac30ffa83f10b68cde1cac07, 5e7b84c8-7ec4-11e4-903f-e41f13653bfc, length=378
2014-12-16 19:51:49,320 ERROR   [wsgi-server-check-v3.py:66(application)] Argument Error : 6666, e9510081ac30ffa83f10b68cde1cac07, 5e7b84c8-7ec4-11e4-903f-e41f13653bfc, length=378
2014-12-16 19:51:50,339 ERROR   [wsgi-server-check-v3.py:66(application)] Argument Error : 6666, e9510081ac30ffa83f10b68cde1cac07, 5e7b84c8-7ec4-11e4-903f-e41f13653bfc, length=378
2014-12-16 19:52:01,282 ERROR   [wsgi-server-check-v3.py:66(application)] Argument Error : 6666, e9510081ac30ffa83f10b68cde1cac07, 5e7b84c8-7ec4-11e4-903f-e41f13653bfc, length=378
2014-12-16 19:52:06,183 ERROR   [wsgi-server-check-v3.py:66(application)] Argument Error : 6666, e9510081ac30ffa83f10b68cde1cac07, 5e7b84c8-7ec4-11e4-903f-e41f13653bfc, length=378
2014-12-16 19:52:06,277 ERROR   [wsgi-server-check-v3.py:66(application)] Argument Error : 6666, e9510081ac30ffa83f10b68cde1cac07, 5e7b84c8-7ec4-11e4-903f-e41f13653bfc, length=378
2014-12-16 19:52:06,277 ERROR   [wsgi-server-check-v3.py:66(application)] Argument Error : 6666, e9510081ac30ffa83f10b68cde1cac07, 5e7b84c8-7ec4-11e4-903f-e41f13653bfc, length=378
2014-12-16 19:52:06,338 ERROR   [wsgi-server-check-v3.py:66(application)] Argument Error : 6666, e9510081ac30ffa83f10b68cde1cac07, 5e7b84c8-7ec4-11e4-903f-e41f13653bfc, length=378
2014-12-16 19:52:06,371 ERROR   [wsgi-server-check-v3.py:66(application)] Argument Error : 6666, e9510081ac30ffa83f10b68cde1cac07, 5e7b84c8-7ec4-11e4-903f-e41f13653bfc, length=378
2014-12-16 19:52:06,392 ERROR   [wsgi-server-check-v3.py:66(application)] Argument Error : 6666, e9510081ac30ffa83f10b68cde1cac07, 5e7b84c8-7ec4-11e4-903f-e41f13653bfc, length=378
2014-12-16 19:52:06,535 ERROR   [wsgi-server-check-v3.py:66(application)] Argument Error : 6666, e9510081ac30ffa83f10b68cde1cac07, 5e7b84c8-7ec4-11e4-903f-e41f13653bfc, length=378
2014-12-16 19:52:07,055 ERROR   [wsgi-server-check-v3.py:66(application)] Argument Error : 6666, e9510081ac30ffa83f10b68cde1cac07, 5e7b84c8-7ec4-11e4-903f-e41f13653bfc, length=378
2014-12-16 19:52:09,192 ERROR   [wsgi-server-check-v3.py:66(application)] Argument Error : 6666, e9510081ac30ffa83f10b68cde1cac07, 5e7b84c8-7ec4-11e4-903f-e41f13653bfc, length=378
2014-12-16 19:52:36,538 ERROR   [wsgi-server-check-v3.py:66(application)] Argument Error : 6666, e9510081ac30ffa83f10b68cde1cac07, 5e7b84c8-7ec4-11e4-903f-e41f13653bfc, length=378
2014-12-16 19:52:36,555 ERROR   [wsgi-server-check-v3.py:66(application)] Argument Error : 6666, e9510081ac30ffa83f10b68cde1cac07, 5e7b84c8-7ec4-11e4-903f-e41f13653bfc, length=378
2014-12-16 19:52:36,556 ERROR   [wsgi-server-check-v3.py:66(application)] Argument Error : 6666, e9510081ac30ffa83f10b68cde1cac07, 5e7b84c8-7ec4-11e4-903f-e41f13653bfc, length=378
2014-12-16 19:52:36,596 ERROR   [wsgi-server-check-v3.py:66(application)] Argument Error : 6666, e9510081ac30ffa83f10b68cde1cac07, 5e7b84c8-7ec4-11e4-903f-e41f13653bfc, length=378
2014-12-16 19:52:36,605 ERROR   [wsgi-server-check-v3.py:66(application)] Argument Error : 6666, e9510081ac30ffa83f10b68cde1cac07, 5e7b84c8-7ec4-11e4-903f-e41f13653bfc, length=378
2014-12-16 19:52:36,659 ERROR   [wsgi-server-check-v3.py:66(application)] Argument Error : 6666, e9510081ac30ffa83f10b68cde1cac07, 5e7b84c8-7ec4-11e4-903f-e41f13653bfc, length=378
2014-12-16 19:52:36,911 ERROR   [wsgi-server-check-v3.py:66(application)] Argument Error : 6666, e9510081ac30ffa83f10b68cde1cac07, 5e7b84c8-7ec4-11e4-903f-e41f13653bfc, length=378
2014-12-16 19:52:36,973 ERROR   [wsgi-server-check-v3.py:66(application)] Argument Error : 6666, e9510081ac30ffa83f10b68cde1cac07, 5e7b84c8-7ec4-11e4-903f-e41f13653bfc, length=378
2014-12-16 19:52:37,005 ERROR   [wsgi-server-check-v3.py:66(application)] Argument Error : 6666, e9510081ac30ffa83f10b68cde1cac07, 5e7b84c8-7ec4-11e4-903f-e41f13653bfc, length=378
2014-12-16 19:52:37,085 ERROR   [wsgi-server-check-v3.py:66(application)] Argument Error : 6666, e9510081ac30ffa83f10b68cde1cac07, 5e7b84c8-7ec4-11e4-903f-e41f13653bfc, length=378
2014-12-16 19:54:16,219 ERROR   [wsgi-server-check-v3.py:66(application)] Argument Error : 7777, d79c8788088c2193f0244d8f1f36d2db, 5e7b84c8-7ec4-11e4-903f-e41f13653bfc, length=378
2014-12-16 19:54:16,227 ERROR   [wsgi-server-check-v3.py:66(application)] Argument Error : 7777, d79c8788088c2193f0244d8f1f36d2db, 5e7b84c8-7ec4-11e4-903f-e41f13653bfc, length=378
2014-12-16 19:54:16,229 ERROR   [wsgi-server-check-v3.py:66(application)] Argument Error : 7777, d79c8788088c2193f0244d8f1f36d2db, 5e7b84c8-7ec4-11e4-903f-e41f13653bfc, length=378
2014-12-16 19:54:16,229 ERROR   [wsgi-server-check-v3.py:66(application)] Argument Error : 7777, d79c8788088c2193f0244d8f1f36d2db, 5e7b84c8-7ec4-11e4-903f-e41f13653bfc, length=378
2014-12-16 19:54:16,234 ERROR   [wsgi-server-check-v3.py:66(application)] Argument Error : 7777, d79c8788088c2193f0244d8f1f36d2db, 5e7b84c8-7ec4-11e4-903f-e41f13653bfc, length=378
2014-12-16 19:54:16,236 ERROR   [wsgi-server-check-v3.py:66(application)] Argument Error : 7777, d79c8788088c2193f0244d8f1f36d2db, 5e7b84c8-7ec4-11e4-903f-e41f13653bfc, length=378
2014-12-16 19:54:16,240 ERROR   [wsgi-server-check-v3.py:66(application)] Argument Error : 7777, d79c8788088c2193f0244d8f1f36d2db, 5e7b84c8-7ec4-11e4-903f-e41f13653bfc, length=378
2014-12-16 19:54:16,251 ERROR   [wsgi-server-check-v3.py:66(application)] Argument Error : 7777, d79c8788088c2193f0244d8f1f36d2db, 5e7b84c8-7ec4-11e4-903f-e41f13653bfc, length=378
2014-12-16 19:54:16,256 ERROR   [wsgi-server-check-v3.py:66(application)] Argument Error : 7777, d79c8788088c2193f0244d8f1f36d2db, 5e7b84c8-7ec4-11e4-903f-e41f13653bfc, length=378
2014-12-16 19:54:16,257 ERROR   [wsgi-server-check-v3.py:66(application)] Argument Error : 7777, d79c8788088c2193f0244d8f1f36d2db, 5e7b84c8-7ec4-11e4-903f-e41f13653bfc, length=378
2014-12-16 19:54:16,301 ERROR   [wsgi-server-check-v3.py:66(application)] Argument Error : 7777, d79c8788088c2193f0244d8f1f36d2db, 5e7b84c8-7ec4-11e4-903f-e41f13653bfc, length=378
2014-12-16 19:54:16,357 ERROR   [wsgi-server-check-v3.py:66(application)] Argument Error : 7777, d79c8788088c2193f0244d8f1f36d2db, 5e7b84c8-7ec4-11e4-903f-e41f13653bfc, length=378
2014-12-16 19:54:16,373 ERROR   [wsgi-server-check-v3.py:66(application)] Argument Error : 7777, d79c8788088c2193f0244d8f1f36d2db, 5e7b84c8-7ec4-11e4-903f-e41f13653bfc, length=378
2014-12-16 19:54:16,376 ERROR   [wsgi-server-check-v3.py:66(application)] Argument Error : 7777, d79c8788088c2193f0244d8f1f36d2db, 5e7b84c8-7ec4-11e4-903f-e41f13653bfc, length=378
2014-12-16 19:54:16,380 ERROR   [wsgi-server-check-v3.py:66(application)] Argument Error : 7777, d79c8788088c2193f0244d8f1f36d2db, 5e7b84c8-7ec4-11e4-903f-e41f13653bfc, length=378
2014-12-16 19:54:16,387 ERROR   [wsgi-server-check-v3.py:66(application)] Argument Error : 7777, d79c8788088c2193f0244d8f1f36d2db, 5e7b84c8-7ec4-11e4-903f-e41f13653bfc, length=378
2014-12-16 19:54:16,442 ERROR   [wsgi-server-check-v3.py:66(application)] Argument Error : 7777, d79c8788088c2193f0244d8f1f36d2db, 5e7b84c8-7ec4-11e4-903f-e41f13653bfc, length=378
2014-12-16 19:54:16,450 ERROR   [wsgi-server-check-v3.py:66(application)] Argument Error : 7777, d79c8788088c2193f0244d8f1f36d2db, 5e7b84c8-7ec4-11e4-903f-e41f13653bfc, length=378
2014-12-16 19:54:16,472 ERROR   [wsgi-server-check-v3.py:66(application)] Argument Error : 7777, d79c8788088c2193f0244d8f1f36d2db, 5e7b84c8-7ec4-11e4-903f-e41f13653bfc, length=378
2014-12-16 19:54:16,666 ERROR   [wsgi-server-check-v3.py:66(application)] Argument Error : 7777, d79c8788088c2193f0244d8f1f36d2db, 5e7b84c8-7ec4-11e4-903f-e41f13653bfc, length=378
2014-12-16 19:54:16,709 ERROR   [wsgi-server-check-v3.py:66(application)] Argument Error : 7777, d79c8788088c2193f0244d8f1f36d2db, 5e7b84c8-7ec4-11e4-903f-e41f13653bfc, length=378
2014-12-16 19:54:16,709 ERROR   [wsgi-server-check-v3.py:66(application)] Argument Error : 7777, d79c8788088c2193f0244d8f1f36d2db, 5e7b84c8-7ec4-11e4-903f-e41f13653bfc, length=378
2014-12-16 19:54:16,713 ERROR   [wsgi-server-check-v3.py:66(application)] Argument Error : 7777, d79c8788088c2193f0244d8f1f36d2db, 5e7b84c8-7ec4-11e4-903f-e41f13653bfc, length=378
2014-12-16 19:54:16,770 ERROR   [wsgi-server-check-v3.py:66(application)] Argument Error : 7777, d79c8788088c2193f0244d8f1f36d2db, 5e7b84c8-7ec4-11e4-903f-e41f13653bfc, length=378
2014-12-16 19:54:16,786 ERROR   [wsgi-server-check-v3.py:66(application)] Argument Error : 7777, d79c8788088c2193f0244d8f1f36d2db, 5e7b84c8-7ec4-11e4-903f-e41f13653bfc, length=378
2014-12-16 19:54:16,789 ERROR   [wsgi-server-check-v3.py:66(application)] Argument Error : 7777, d79c8788088c2193f0244d8f1f36d2db, 5e7b84c8-7ec4-11e4-903f-e41f13653bfc, length=378
2014-12-16 19:54:16,790 ERROR   [wsgi-server-check-v3.py:66(application)] Argument Error : 7777, d79c8788088c2193f0244d8f1f36d2db, 5e7b84c8-7ec4-11e4-903f-e41f13653bfc, length=378
2014-12-16 19:54:16,941 ERROR   [wsgi-server-check-v3.py:66(application)] Argument Error : 7777, d79c8788088c2193f0244d8f1f36d2db, 5e7b84c8-7ec4-11e4-903f-e41f13653bfc, length=378
2014-12-16 19:54:16,945 ERROR   [wsgi-server-check-v3.py:66(application)] Argument Error : 7777, d79c8788088c2193f0244d8f1f36d2db, 5e7b84c8-7ec4-11e4-903f-e41f13653bfc, length=378
2014-12-16 19:54:16,960 ERROR   [wsgi-server-check-v3.py:66(application)] Argument Error : 7777, d79c8788088c2193f0244d8f1f36d2db, 5e7b84c8-7ec4-11e4-903f-e41f13653bfc, length=378
2014-12-16 19:54:17,006 ERROR   [wsgi-server-check-v3.py:66(application)] Argument Error : 7777, d79c8788088c2193f0244d8f1f36d2db, 5e7b84c8-7ec4-11e4-903f-e41f13653bfc, length=378
2014-12-16 19:54:17,021 ERROR   [wsgi-server-check-v3.py:66(application)] Argument Error : 7777, d79c8788088c2193f0244d8f1f36d2db, 5e7b84c8-7ec4-11e4-903f-e41f13653bfc, length=378
2014-12-16 19:54:17,057 ERROR   [wsgi-server-check-v3.py:66(application)] Argument Error : 7777, d79c8788088c2193f0244d8f1f36d2db, 5e7b84c8-7ec4-11e4-903f-e41f13653bfc, length=378
2014-12-16 19:54:17,088 ERROR   [wsgi-server-check-v3.py:66(application)] Argument Error : 7777, d79c8788088c2193f0244d8f1f36d2db, 5e7b84c8-7ec4-11e4-903f-e41f13653bfc, length=378
2014-12-16 19:54:17,121 ERROR   [wsgi-server-check-v3.py:66(application)] Argument Error : 7777, d79c8788088c2193f0244d8f1f36d2db, 5e7b84c8-7ec4-11e4-903f-e41f13653bfc, length=378
2014-12-16 19:54:17,169 ERROR   [wsgi-server-check-v3.py:66(application)] Argument Error : 7777, d79c8788088c2193f0244d8f1f36d2db, 5e7b84c8-7ec4-11e4-903f-e41f13653bfc, length=378
2014-12-16 19:54:17,299 ERROR   [wsgi-server-check-v3.py:66(application)] Argument Error : 7777, d79c8788088c2193f0244d8f1f36d2db, 5e7b84c8-7ec4-11e4-903f-e41f13653bfc, length=378
2014-12-16 19:54:17,542 ERROR   [wsgi-server-check-v3.py:66(application)] Argument Error : 7777, d79c8788088c2193f0244d8f1f36d2db, 5e7b84c8-7ec4-11e4-903f-e41f13653bfc, length=378
2014-12-16 19:54:17,563 ERROR   [wsgi-server-check-v3.py:66(application)] Argument Error : 7777, d79c8788088c2193f0244d8f1f36d2db, 5e7b84c8-7ec4-11e4-903f-e41f13653bfc, length=378
2014-12-16 19:54:18,533 ERROR   [wsgi-server-check-v3.py:66(application)] Argument Error : 7777, d79c8788088c2193f0244d8f1f36d2db, 5e7b84c8-7ec4-11e4-903f-e41f13653bfc, length=378
2014-12-16 19:54:18,538 ERROR   [wsgi-server-check-v3.py:66(application)] Argument Error : 7777, d79c8788088c2193f0244d8f1f36d2db, 5e7b84c8-7ec4-11e4-903f-e41f13653bfc, length=378
2014-12-16 19:54:19,112 ERROR   [wsgi-server-check-v3.py:66(application)] Argument Error : 7777, d79c8788088c2193f0244d8f1f36d2db, 5e7b84c8-7ec4-11e4-903f-e41f13653bfc, length=378
2014-12-16 19:54:19,114 ERROR   [wsgi-server-check-v3.py:66(application)] Argument Error : 7777, d79c8788088c2193f0244d8f1f36d2db, 5e7b84c8-7ec4-11e4-903f-e41f13653bfc, length=378
2014-12-16 19:54:19,205 ERROR   [wsgi-server-check-v3.py:66(application)] Argument Error : 7777, d79c8788088c2193f0244d8f1f36d2db, 5e7b84c8-7ec4-11e4-903f-e41f13653bfc, length=378
2014-12-16 19:54:19,208 ERROR   [wsgi-server-check-v3.py:66(application)] Argument Error : 7777, d79c8788088c2193f0244d8f1f36d2db, 5e7b84c8-7ec4-11e4-903f-e41f13653bfc, length=378
2014-12-16 19:54:19,513 ERROR   [wsgi-server-check-v3.py:66(application)] Argument Error : 7777, d79c8788088c2193f0244d8f1f36d2db, 5e7b84c8-7ec4-11e4-903f-e41f13653bfc, length=378
2014-12-16 19:54:20,473 ERROR   [wsgi-server-check-v3.py:66(application)] Argument Error : 7777, d79c8788088c2193f0244d8f1f36d2db, 5e7b84c8-7ec4-11e4-903f-e41f13653bfc, length=378
2014-12-16 19:54:21,274 ERROR   [wsgi-server-check-v3.py:66(application)] Argument Error : 7777, d79c8788088c2193f0244d8f1f36d2db, 5e7b84c8-7ec4-11e4-903f-e41f13653bfc, length=378
2014-12-16 19:54:21,495 ERROR   [wsgi-server-check-v3.py:66(application)] Argument Error : 7777, d79c8788088c2193f0244d8f1f36d2db, 5e7b84c8-7ec4-11e4-903f-e41f13653bfc, length=378
2014-12-16 19:54:21,497 ERROR   [wsgi-server-check-v3.py:66(application)] Argument Error : 7777, d79c8788088c2193f0244d8f1f36d2db, 5e7b84c8-7ec4-11e4-903f-e41f13653bfc, length=378
2014-12-16 19:54:22,104 ERROR   [wsgi-server-check-v3.py:66(application)] Argument Error : 7777, d79c8788088c2193f0244d8f1f36d2db, 5e7b84c8-7ec4-11e4-903f-e41f13653bfc, length=378
2014-12-16 19:54:22,104 ERROR   [wsgi-server-check-v3.py:66(application)] Argument Error : 7777, d79c8788088c2193f0244d8f1f36d2db, 5e7b84c8-7ec4-11e4-903f-e41f13653bfc, length=378
2014-12-16 19:54:22,105 ERROR   [wsgi-server-check-v3.py:66(application)] Argument Error : 7777, d79c8788088c2193f0244d8f1f36d2db, 5e7b84c8-7ec4-11e4-903f-e41f13653bfc, length=378
2014-12-16 19:54:22,106 ERROR   [wsgi-server-check-v3.py:66(application)] Argument Error : 7777, d79c8788088c2193f0244d8f1f36d2db, 5e7b84c8-7ec4-11e4-903f-e41f13653bfc, length=378
2014-12-16 19:54:22,290 ERROR   [wsgi-server-check-v3.py:66(application)] Argument Error : 7777, d79c8788088c2193f0244d8f1f36d2db, 5e7b84c8-7ec4-11e4-903f-e41f13653bfc, length=378
2014-12-16 19:54:22,291 ERROR   [wsgi-server-check-v3.py:66(application)] Argument Error : 7777, d79c8788088c2193f0244d8f1f36d2db, 5e7b84c8-7ec4-11e4-903f-e41f13653bfc, length=378
2014-12-16 19:54:22,501 ERROR   [wsgi-server-check-v3.py:66(application)] Argument Error : 7777, d79c8788088c2193f0244d8f1f36d2db, 5e7b84c8-7ec4-11e4-903f-e41f13653bfc, length=378
2014-12-16 19:54:23,278 ERROR   [wsgi-server-check-v3.py:66(application)] Argument Error : 7777, d79c8788088c2193f0244d8f1f36d2db, 5e7b84c8-7ec4-11e4-903f-e41f13653bfc, length=378
2014-12-16 19:54:23,314 ERROR   [wsgi-server-check-v3.py:66(application)] Argument Error : 7777, d79c8788088c2193f0244d8f1f36d2db, 5e7b84c8-7ec4-11e4-903f-e41f13653bfc, length=378
2014-12-16 19:54:23,710 ERROR   [wsgi-server-check-v3.py:66(application)] Argument Error : 7777, d79c8788088c2193f0244d8f1f36d2db, 5e7b84c8-7ec4-11e4-903f-e41f13653bfc, length=378
2014-12-16 19:54:24,273 ERROR   [wsgi-server-check-v3.py:66(application)] Argument Error : 7777, d79c8788088c2193f0244d8f1f36d2db, 5e7b84c8-7ec4-11e4-903f-e41f13653bfc, length=378
2014-12-16 19:54:24,275 ERROR   [wsgi-server-check-v3.py:66(application)] Argument Error : 7777, d79c8788088c2193f0244d8f1f36d2db, 5e7b84c8-7ec4-11e4-903f-e41f13653bfc, length=378
2014-12-16 19:54:24,489 ERROR   [wsgi-server-check-v3.py:66(application)] Argument Error : 7777, d79c8788088c2193f0244d8f1f36d2db, 5e7b84c8-7ec4-11e4-903f-e41f13653bfc, length=378
2014-12-16 19:54:24,490 ERROR   [wsgi-server-check-v3.py:66(application)] Argument Error : 7777, d79c8788088c2193f0244d8f1f36d2db, 5e7b84c8-7ec4-11e4-903f-e41f13653bfc, length=378
2014-12-16 19:54:24,490 ERROR   [wsgi-server-check-v3.py:66(application)] Argument Error : 7777, d79c8788088c2193f0244d8f1f36d2db, 5e7b84c8-7ec4-11e4-903f-e41f13653bfc, length=378
2014-12-16 19:54:24,491 ERROR   [wsgi-server-check-v3.py:66(application)] Argument Error : 7777, d79c8788088c2193f0244d8f1f36d2db, 5e7b84c8-7ec4-11e4-903f-e41f13653bfc, length=378
2014-12-16 19:54:25,714 ERROR   [wsgi-server-check-v3.py:66(application)] Argument Error : 7777, d79c8788088c2193f0244d8f1f36d2db, 5e7b84c8-7ec4-11e4-903f-e41f13653bfc, length=378
2014-12-16 19:54:25,830 ERROR   [wsgi-server-check-v3.py:66(application)] Argument Error : 7777, d79c8788088c2193f0244d8f1f36d2db, 5e7b84c8-7ec4-11e4-903f-e41f13653bfc, length=378
2014-12-16 19:54:26,297 ERROR   [wsgi-server-check-v3.py:66(application)] Argument Error : 7777, d79c8788088c2193f0244d8f1f36d2db, 5e7b84c8-7ec4-11e4-903f-e41f13653bfc, length=378
2014-12-16 19:54:28,277 ERROR   [wsgi-server-check-v3.py:66(application)] Argument Error : 7777, d79c8788088c2193f0244d8f1f36d2db, 5e7b84c8-7ec4-11e4-903f-e41f13653bfc, length=378
2014-12-16 19:54:28,287 ERROR   [wsgi-server-check-v3.py:66(application)] Argument Error : 7777, d79c8788088c2193f0244d8f1f36d2db, 5e7b84c8-7ec4-11e4-903f-e41f13653bfc, length=378
2014-12-16 19:54:28,288 ERROR   [wsgi-server-check-v3.py:66(application)] Argument Error : 7777, d79c8788088c2193f0244d8f1f36d2db, 5e7b84c8-7ec4-11e4-903f-e41f13653bfc, length=378
2014-12-16 19:54:28,688 ERROR   [wsgi-server-check-v3.py:66(application)] Argument Error : 7777, d79c8788088c2193f0244d8f1f36d2db, 5e7b84c8-7ec4-11e4-903f-e41f13653bfc, length=378
2014-12-16 19:54:30,274 ERROR   [wsgi-server-check-v3.py:66(application)] Argument Error : 7777, d79c8788088c2193f0244d8f1f36d2db, 5e7b84c8-7ec4-11e4-903f-e41f13653bfc, length=378
2014-12-16 19:54:30,274 ERROR   [wsgi-server-check-v3.py:66(application)] Argument Error : 7777, d79c8788088c2193f0244d8f1f36d2db, 5e7b84c8-7ec4-11e4-903f-e41f13653bfc, length=378
2014-12-16 19:54:30,275 ERROR   [wsgi-server-check-v3.py:66(application)] Argument Error : 7777, d79c8788088c2193f0244d8f1f36d2db, 5e7b84c8-7ec4-11e4-903f-e41f13653bfc, length=378
2014-12-16 19:54:30,275 ERROR   [wsgi-server-check-v3.py:66(application)] Argument Error : 7777, d79c8788088c2193f0244d8f1f36d2db, 5e7b84c8-7ec4-11e4-903f-e41f13653bfc, length=378
2014-12-16 19:54:30,276 ERROR   [wsgi-server-check-v3.py:66(application)] Argument Error : 7777, d79c8788088c2193f0244d8f1f36d2db, 5e7b84c8-7ec4-11e4-903f-e41f13653bfc, length=378
2014-12-16 19:54:30,433 ERROR   [wsgi-server-check-v3.py:66(application)] Argument Error : 7777, d79c8788088c2193f0244d8f1f36d2db, 5e7b84c8-7ec4-11e4-903f-e41f13653bfc, length=378
2014-12-16 19:54:30,491 ERROR   [wsgi-server-check-v3.py:66(application)] Argument Error : 7777, d79c8788088c2193f0244d8f1f36d2db, 5e7b84c8-7ec4-11e4-903f-e41f13653bfc, length=378
2014-12-16 19:54:30,491 ERROR   [wsgi-server-check-v3.py:66(application)] Argument Error : 7777, d79c8788088c2193f0244d8f1f36d2db, 5e7b84c8-7ec4-11e4-903f-e41f13653bfc, length=378
2014-12-16 19:54:30,495 ERROR   [wsgi-server-check-v3.py:66(application)] Argument Error : 7777, d79c8788088c2193f0244d8f1f36d2db, 5e7b84c8-7ec4-11e4-903f-e41f13653bfc, length=378
2014-12-16 19:54:30,496 ERROR   [wsgi-server-check-v3.py:66(application)] Argument Error : 7777, d79c8788088c2193f0244d8f1f36d2db, 5e7b84c8-7ec4-11e4-903f-e41f13653bfc, length=378
2014-12-16 19:54:30,517 ERROR   [wsgi-server-check-v3.py:66(application)] Argument Error : 7777, d79c8788088c2193f0244d8f1f36d2db, 5e7b84c8-7ec4-11e4-903f-e41f13653bfc, length=378
2014-12-16 19:54:30,574 ERROR   [wsgi-server-check-v3.py:66(application)] Argument Error : 7777, d79c8788088c2193f0244d8f1f36d2db, 5e7b84c8-7ec4-11e4-903f-e41f13653bfc, length=378
2014-12-16 19:54:30,575 ERROR   [wsgi-server-check-v3.py:66(application)] Argument Error : 7777, d79c8788088c2193f0244d8f1f36d2db, 5e7b84c8-7ec4-11e4-903f-e41f13653bfc, length=378
2014-12-16 19:54:30,627 ERROR   [wsgi-server-check-v3.py:66(application)] Argument Error : 7777, d79c8788088c2193f0244d8f1f36d2db, 5e7b84c8-7ec4-11e4-903f-e41f13653bfc, length=378
2014-12-16 19:54:31,094 ERROR   [wsgi-server-check-v3.py:66(application)] Argument Error : 7777, d79c8788088c2193f0244d8f1f36d2db, 5e7b84c8-7ec4-11e4-903f-e41f13653bfc, length=378
2014-12-16 19:54:31,172 ERROR   [wsgi-server-check-v3.py:66(application)] Argument Error : 7777, d79c8788088c2193f0244d8f1f36d2db, 5e7b84c8-7ec4-11e4-903f-e41f13653bfc, length=378
2014-12-16 19:54:31,283 ERROR   [wsgi-server-check-v3.py:66(application)] Argument Error : 7777, d79c8788088c2193f0244d8f1f36d2db, 5e7b84c8-7ec4-11e4-903f-e41f13653bfc, length=378
2014-12-16 19:54:31,283 ERROR   [wsgi-server-check-v3.py:66(application)] Argument Error : 7777, d79c8788088c2193f0244d8f1f36d2db, 5e7b84c8-7ec4-11e4-903f-e41f13653bfc, length=378
2014-12-16 19:54:31,284 ERROR   [wsgi-server-check-v3.py:66(application)] Argument Error : 7777, d79c8788088c2193f0244d8f1f36d2db, 5e7b84c8-7ec4-11e4-903f-e41f13653bfc, length=378
2014-12-16 19:54:31,285 ERROR   [wsgi-server-check-v3.py:66(application)] Argument Error : 7777, d79c8788088c2193f0244d8f1f36d2db, 5e7b84c8-7ec4-11e4-903f-e41f13653bfc, length=378
2014-12-16 19:54:31,285 ERROR   [wsgi-server-check-v3.py:66(application)] Argument Error : 7777, d79c8788088c2193f0244d8f1f36d2db, 5e7b84c8-7ec4-11e4-903f-e41f13653bfc, length=378
2014-12-16 19:54:31,361 ERROR   [wsgi-server-check-v3.py:66(application)] Argument Error : 7777, d79c8788088c2193f0244d8f1f36d2db, 5e7b84c8-7ec4-11e4-903f-e41f13653bfc, length=378
2014-12-16 19:54:34,284 ERROR   [wsgi-server-check-v3.py:66(application)] Argument Error : 7777, d79c8788088c2193f0244d8f1f36d2db, 5e7b84c8-7ec4-11e4-903f-e41f13653bfc, length=378
2014-12-16 19:54:34,287 ERROR   [wsgi-server-check-v3.py:66(application)] Argument Error : 7777, d79c8788088c2193f0244d8f1f36d2db, 5e7b84c8-7ec4-11e4-903f-e41f13653bfc, length=378
2014-12-16 19:54:34,382 ERROR   [wsgi-server-check-v3.py:66(application)] Argument Error : 7777, d79c8788088c2193f0244d8f1f36d2db, 5e7b84c8-7ec4-11e4-903f-e41f13653bfc, length=378
2014-12-16 19:54:34,389 ERROR   [wsgi-server-check-v3.py:66(application)] Argument Error : 7777, d79c8788088c2193f0244d8f1f36d2db, 5e7b84c8-7ec4-11e4-903f-e41f13653bfc, length=378
2014-12-16 19:54:34,892 ERROR   [wsgi-server-check-v3.py:66(application)] Argument Error : 7777, d79c8788088c2193f0244d8f1f36d2db, 5e7b84c8-7ec4-11e4-903f-e41f13653bfc, length=378
2014-12-16 19:54:34,907 ERROR   [wsgi-server-check-v3.py:66(application)] Argument Error : 7777, d79c8788088c2193f0244d8f1f36d2db, 5e7b84c8-7ec4-11e4-903f-e41f13653bfc, length=378
2014-12-16 19:54:35,067 ERROR   [wsgi-server-check-v3.py:66(application)] Argument Error : 7777, d79c8788088c2193f0244d8f1f36d2db, 5e7b84c8-7ec4-11e4-903f-e41f13653bfc, length=378
2014-12-16 19:54:35,198 ERROR   [wsgi-server-check-v3.py:66(application)] Argument Error : 7777, d79c8788088c2193f0244d8f1f36d2db, 5e7b84c8-7ec4-11e4-903f-e41f13653bfc, length=378
2014-12-16 19:54:35,300 ERROR   [wsgi-server-check-v3.py:66(application)] Argument Error : 7777, d79c8788088c2193f0244d8f1f36d2db, 5e7b84c8-7ec4-11e4-903f-e41f13653bfc, length=378
2014-12-16 19:54:35,302 ERROR   [wsgi-server-check-v3.py:66(application)] Argument Error : 7777, d79c8788088c2193f0244d8f1f36d2db, 5e7b84c8-7ec4-11e4-903f-e41f13653bfc, length=378
2014-12-16 19:54:46,259 ERROR   [wsgi-server-check-v3.py:66(application)] Argument Error : 7777, d79c8788088c2193f0244d8f1f36d2db, 5e7b84c8-7ec4-11e4-903f-e41f13653bfc, length=378
2014-12-16 19:54:46,269 ERROR   [wsgi-server-check-v3.py:66(application)] Argument Error : 7777, d79c8788088c2193f0244d8f1f36d2db, 5e7b84c8-7ec4-11e4-903f-e41f13653bfc, length=378
2014-12-16 19:54:46,311 ERROR   [wsgi-server-check-v3.py:66(application)] Argument Error : 7777, d79c8788088c2193f0244d8f1f36d2db, 5e7b84c8-7ec4-11e4-903f-e41f13653bfc, length=378
2014-12-16 19:54:46,324 ERROR   [wsgi-server-check-v3.py:66(application)] Argument Error : 7777, d79c8788088c2193f0244d8f1f36d2db, 5e7b84c8-7ec4-11e4-903f-e41f13653bfc, length=378
2014-12-16 19:54:46,337 ERROR   [wsgi-server-check-v3.py:66(application)] Argument Error : 7777, d79c8788088c2193f0244d8f1f36d2db, 5e7b84c8-7ec4-11e4-903f-e41f13653bfc, length=378
2014-12-16 19:54:46,339 ERROR   [wsgi-server-check-v3.py:66(application)] Argument Error : 7777, d79c8788088c2193f0244d8f1f36d2db, 5e7b84c8-7ec4-11e4-903f-e41f13653bfc, length=378
2014-12-16 19:54:46,351 ERROR   [wsgi-server-check-v3.py:66(application)] Argument Error : 7777, d79c8788088c2193f0244d8f1f36d2db, 5e7b84c8-7ec4-11e4-903f-e41f13653bfc, length=378
2014-12-16 19:54:46,352 ERROR   [wsgi-server-check-v3.py:66(application)] Argument Error : 7777, d79c8788088c2193f0244d8f1f36d2db, 5e7b84c8-7ec4-11e4-903f-e41f13653bfc, length=378
2014-12-16 19:54:46,354 ERROR   [wsgi-server-check-v3.py:66(application)] Argument Error : 7777, d79c8788088c2193f0244d8f1f36d2db, 5e7b84c8-7ec4-11e4-903f-e41f13653bfc, length=378
2014-12-16 19:54:46,363 ERROR   [wsgi-server-check-v3.py:66(application)] Argument Error : 7777, d79c8788088c2193f0244d8f1f36d2db, 5e7b84c8-7ec4-11e4-903f-e41f13653bfc, length=378
2014-12-16 19:54:46,369 ERROR   [wsgi-server-check-v3.py:66(application)] Argument Error : 7777, d79c8788088c2193f0244d8f1f36d2db, 5e7b84c8-7ec4-11e4-903f-e41f13653bfc, length=378
2014-12-16 19:54:46,371 ERROR   [wsgi-server-check-v3.py:66(application)] Argument Error : 7777, d79c8788088c2193f0244d8f1f36d2db, 5e7b84c8-7ec4-11e4-903f-e41f13653bfc, length=378
2014-12-16 19:54:46,417 ERROR   [wsgi-server-check-v3.py:66(application)] Argument Error : 7777, d79c8788088c2193f0244d8f1f36d2db, 5e7b84c8-7ec4-11e4-903f-e41f13653bfc, length=378
2014-12-16 19:54:46,429 ERROR   [wsgi-server-check-v3.py:66(application)] Argument Error : 7777, d79c8788088c2193f0244d8f1f36d2db, 5e7b84c8-7ec4-11e4-903f-e41f13653bfc, length=378
2014-12-16 19:54:46,486 ERROR   [wsgi-server-check-v3.py:66(application)] Argument Error : 7777, d79c8788088c2193f0244d8f1f36d2db, 5e7b84c8-7ec4-11e4-903f-e41f13653bfc, length=378
2014-12-16 19:54:46,495 ERROR   [wsgi-server-check-v3.py:66(application)] Argument Error : 7777, d79c8788088c2193f0244d8f1f36d2db, 5e7b84c8-7ec4-11e4-903f-e41f13653bfc, length=378
2014-12-16 19:54:46,504 ERROR   [wsgi-server-check-v3.py:66(application)] Argument Error : 7777, d79c8788088c2193f0244d8f1f36d2db, 5e7b84c8-7ec4-11e4-903f-e41f13653bfc, length=378
2014-12-16 19:54:46,516 ERROR   [wsgi-server-check-v3.py:66(application)] Argument Error : 7777, d79c8788088c2193f0244d8f1f36d2db, 5e7b84c8-7ec4-11e4-903f-e41f13653bfc, length=378
2014-12-16 19:54:46,531 ERROR   [wsgi-server-check-v3.py:66(application)] Argument Error : 7777, d79c8788088c2193f0244d8f1f36d2db, 5e7b84c8-7ec4-11e4-903f-e41f13653bfc, length=378
2014-12-16 19:54:46,636 ERROR   [wsgi-server-check-v3.py:66(application)] Argument Error : 7777, d79c8788088c2193f0244d8f1f36d2db, 5e7b84c8-7ec4-11e4-903f-e41f13653bfc, length=378
2014-12-16 19:54:46,686 ERROR   [wsgi-server-check-v3.py:66(application)] Argument Error : 7777, d79c8788088c2193f0244d8f1f36d2db, 5e7b84c8-7ec4-11e4-903f-e41f13653bfc, length=378
2014-12-16 19:54:46,694 ERROR   [wsgi-server-check-v3.py:66(application)] Argument Error : 7777, d79c8788088c2193f0244d8f1f36d2db, 5e7b84c8-7ec4-11e4-903f-e41f13653bfc, length=378
2014-12-16 19:54:46,704 ERROR   [wsgi-server-check-v3.py:66(application)] Argument Error : 7777, d79c8788088c2193f0244d8f1f36d2db, 5e7b84c8-7ec4-11e4-903f-e41f13653bfc, length=378
2014-12-16 19:54:46,733 ERROR   [wsgi-server-check-v3.py:66(application)] Argument Error : 7777, d79c8788088c2193f0244d8f1f36d2db, 5e7b84c8-7ec4-11e4-903f-e41f13653bfc, length=378
2014-12-16 19:54:46,779 ERROR   [wsgi-server-check-v3.py:66(application)] Argument Error : 7777, d79c8788088c2193f0244d8f1f36d2db, 5e7b84c8-7ec4-11e4-903f-e41f13653bfc, length=378
2014-12-16 19:54:46,796 ERROR   [wsgi-server-check-v3.py:66(application)] Argument Error : 7777, d79c8788088c2193f0244d8f1f36d2db, 5e7b84c8-7ec4-11e4-903f-e41f13653bfc, length=378
2014-12-16 19:54:46,797 ERROR   [wsgi-server-check-v3.py:66(application)] Argument Error : 7777, d79c8788088c2193f0244d8f1f36d2db, 5e7b84c8-7ec4-11e4-903f-e41f13653bfc, length=378
2014-12-16 19:54:46,828 ERROR   [wsgi-server-check-v3.py:66(application)] Argument Error : 7777, d79c8788088c2193f0244d8f1f36d2db, 5e7b84c8-7ec4-11e4-903f-e41f13653bfc, length=378
2014-12-16 19:54:46,829 ERROR   [wsgi-server-check-v3.py:66(application)] Argument Error : 7777, d79c8788088c2193f0244d8f1f36d2db, 5e7b84c8-7ec4-11e4-903f-e41f13653bfc, length=378
2014-12-16 19:54:46,858 ERROR   [wsgi-server-check-v3.py:66(application)] Argument Error : 7777, d79c8788088c2193f0244d8f1f36d2db, 5e7b84c8-7ec4-11e4-903f-e41f13653bfc, length=378
2014-12-16 19:54:46,878 ERROR   [wsgi-server-check-v3.py:66(application)] Argument Error : 7777, d79c8788088c2193f0244d8f1f36d2db, 5e7b84c8-7ec4-11e4-903f-e41f13653bfc, length=378
2014-12-16 19:54:46,894 ERROR   [wsgi-server-check-v3.py:66(application)] Argument Error : 7777, d79c8788088c2193f0244d8f1f36d2db, 5e7b84c8-7ec4-11e4-903f-e41f13653bfc, length=378
2014-12-16 19:54:47,001 ERROR   [wsgi-server-check-v3.py:66(application)] Argument Error : 7777, d79c8788088c2193f0244d8f1f36d2db, 5e7b84c8-7ec4-11e4-903f-e41f13653bfc, length=378
2014-12-16 19:54:47,196 ERROR   [wsgi-server-check-v3.py:66(application)] Argument Error : 7777, d79c8788088c2193f0244d8f1f36d2db, 5e7b84c8-7ec4-11e4-903f-e41f13653bfc, length=378
2014-12-16 19:54:47,256 ERROR   [wsgi-server-check-v3.py:66(application)] Argument Error : 7777, d79c8788088c2193f0244d8f1f36d2db, 5e7b84c8-7ec4-11e4-903f-e41f13653bfc, length=378
2014-12-16 19:54:47,276 ERROR   [wsgi-server-check-v3.py:66(application)] Argument Error : 7777, d79c8788088c2193f0244d8f1f36d2db, 5e7b84c8-7ec4-11e4-903f-e41f13653bfc, length=378
2014-12-16 19:54:47,587 ERROR   [wsgi-server-check-v3.py:66(application)] Argument Error : 7777, d79c8788088c2193f0244d8f1f36d2db, 5e7b84c8-7ec4-11e4-903f-e41f13653bfc, length=378
2014-12-16 19:54:47,877 ERROR   [wsgi-server-check-v3.py:66(application)] Argument Error : 7777, d79c8788088c2193f0244d8f1f36d2db, 5e7b84c8-7ec4-11e4-903f-e41f13653bfc, length=378
2014-12-16 19:54:48,286 ERROR   [wsgi-server-check-v3.py:66(application)] Argument Error : 7777, d79c8788088c2193f0244d8f1f36d2db, 5e7b84c8-7ec4-11e4-903f-e41f13653bfc, length=378
2014-12-16 19:54:48,587 ERROR   [wsgi-server-check-v3.py:66(application)] Argument Error : 7777, d79c8788088c2193f0244d8f1f36d2db, 5e7b84c8-7ec4-11e4-903f-e41f13653bfc, length=378
2014-12-16 19:54:49,073 ERROR   [wsgi-server-check-v3.py:66(application)] Argument Error : 7777, d79c8788088c2193f0244d8f1f36d2db, 5e7b84c8-7ec4-11e4-903f-e41f13653bfc, length=378
2014-12-16 19:54:49,279 ERROR   [wsgi-server-check-v3.py:66(application)] Argument Error : 7777, d79c8788088c2193f0244d8f1f36d2db, 5e7b84c8-7ec4-11e4-903f-e41f13653bfc, length=378
2014-12-16 19:54:49,282 ERROR   [wsgi-server-check-v3.py:66(application)] Argument Error : 7777, d79c8788088c2193f0244d8f1f36d2db, 5e7b84c8-7ec4-11e4-903f-e41f13653bfc, length=378
2014-12-16 19:54:49,376 ERROR   [wsgi-server-check-v3.py:66(application)] Argument Error : 7777, d79c8788088c2193f0244d8f1f36d2db, 5e7b84c8-7ec4-11e4-903f-e41f13653bfc, length=378
2014-12-16 19:54:49,423 ERROR   [wsgi-server-check-v3.py:66(application)] Argument Error : 7777, d79c8788088c2193f0244d8f1f36d2db, 5e7b84c8-7ec4-11e4-903f-e41f13653bfc, length=378
2014-12-16 19:54:49,754 ERROR   [wsgi-server-check-v3.py:66(application)] Argument Error : 7777, d79c8788088c2193f0244d8f1f36d2db, 5e7b84c8-7ec4-11e4-903f-e41f13653bfc, length=378
2014-12-16 19:54:50,090 ERROR   [wsgi-server-check-v3.py:66(application)] Argument Error : 7777, d79c8788088c2193f0244d8f1f36d2db, 5e7b84c8-7ec4-11e4-903f-e41f13653bfc, length=378
2014-12-16 19:54:50,091 ERROR   [wsgi-server-check-v3.py:66(application)] Argument Error : 7777, d79c8788088c2193f0244d8f1f36d2db, 5e7b84c8-7ec4-11e4-903f-e41f13653bfc, length=378
2014-12-16 19:54:50,128 ERROR   [wsgi-server-check-v3.py:66(application)] Argument Error : 7777, d79c8788088c2193f0244d8f1f36d2db, 5e7b84c8-7ec4-11e4-903f-e41f13653bfc, length=378
2014-12-16 19:54:50,581 ERROR   [wsgi-server-check-v3.py:66(application)] Argument Error : 7777, d79c8788088c2193f0244d8f1f36d2db, 5e7b84c8-7ec4-11e4-903f-e41f13653bfc, length=378
2014-12-16 19:54:50,659 ERROR   [wsgi-server-check-v3.py:66(application)] Argument Error : 7777, d79c8788088c2193f0244d8f1f36d2db, 5e7b84c8-7ec4-11e4-903f-e41f13653bfc, length=378
2014-12-16 19:54:52,273 ERROR   [wsgi-server-check-v3.py:66(application)] Argument Error : 7777, d79c8788088c2193f0244d8f1f36d2db, 5e7b84c8-7ec4-11e4-903f-e41f13653bfc, length=378
2014-12-16 19:54:52,451 ERROR   [wsgi-server-check-v3.py:66(application)] Argument Error : 7777, d79c8788088c2193f0244d8f1f36d2db, 5e7b84c8-7ec4-11e4-903f-e41f13653bfc, length=378
2014-12-16 19:54:53,510 ERROR   [wsgi-server-check-v3.py:66(application)] Argument Error : 7777, d79c8788088c2193f0244d8f1f36d2db, 5e7b84c8-7ec4-11e4-903f-e41f13653bfc, length=378
2014-12-16 19:54:53,511 ERROR   [wsgi-server-check-v3.py:66(application)] Argument Error : 7777, d79c8788088c2193f0244d8f1f36d2db, 5e7b84c8-7ec4-11e4-903f-e41f13653bfc, length=378
2014-12-16 19:54:53,511 ERROR   [wsgi-server-check-v3.py:66(application)] Argument Error : 7777, d79c8788088c2193f0244d8f1f36d2db, 5e7b84c8-7ec4-11e4-903f-e41f13653bfc, length=378
2014-12-16 19:54:54,273 ERROR   [wsgi-server-check-v3.py:66(application)] Argument Error : 7777, d79c8788088c2193f0244d8f1f36d2db, 5e7b84c8-7ec4-11e4-903f-e41f13653bfc, length=378
2014-12-16 19:54:54,277 ERROR   [wsgi-server-check-v3.py:66(application)] Argument Error : 7777, d79c8788088c2193f0244d8f1f36d2db, 5e7b84c8-7ec4-11e4-903f-e41f13653bfc, length=378
2014-12-16 19:54:54,493 ERROR   [wsgi-server-check-v3.py:66(application)] Argument Error : 7777, d79c8788088c2193f0244d8f1f36d2db, 5e7b84c8-7ec4-11e4-903f-e41f13653bfc, length=378
2014-12-16 19:54:54,493 ERROR   [wsgi-server-check-v3.py:66(application)] Argument Error : 7777, d79c8788088c2193f0244d8f1f36d2db, 5e7b84c8-7ec4-11e4-903f-e41f13653bfc, length=378
2014-12-16 19:54:54,507 ERROR   [wsgi-server-check-v3.py:66(application)] Argument Error : 7777, d79c8788088c2193f0244d8f1f36d2db, 5e7b84c8-7ec4-11e4-903f-e41f13653bfc, length=378
2014-12-16 19:54:54,589 ERROR   [wsgi-server-check-v3.py:66(application)] Argument Error : 7777, d79c8788088c2193f0244d8f1f36d2db, 5e7b84c8-7ec4-11e4-903f-e41f13653bfc, length=378
2014-12-16 19:54:55,278 ERROR   [wsgi-server-check-v3.py:66(application)] Argument Error : 7777, d79c8788088c2193f0244d8f1f36d2db, 5e7b84c8-7ec4-11e4-903f-e41f13653bfc, length=378
2014-12-16 19:54:55,279 ERROR   [wsgi-server-check-v3.py:66(application)] Argument Error : 7777, d79c8788088c2193f0244d8f1f36d2db, 5e7b84c8-7ec4-11e4-903f-e41f13653bfc, length=378
2014-12-16 19:54:55,280 ERROR   [wsgi-server-check-v3.py:66(application)] Argument Error : 7777, d79c8788088c2193f0244d8f1f36d2db, 5e7b84c8-7ec4-11e4-903f-e41f13653bfc, length=378
2014-12-16 19:54:55,309 ERROR   [wsgi-server-check-v3.py:66(application)] Argument Error : 7777, d79c8788088c2193f0244d8f1f36d2db, 5e7b84c8-7ec4-11e4-903f-e41f13653bfc, length=378
2014-12-16 19:54:55,489 ERROR   [wsgi-server-check-v3.py:66(application)] Argument Error : 7777, d79c8788088c2193f0244d8f1f36d2db, 5e7b84c8-7ec4-11e4-903f-e41f13653bfc, length=378
2014-12-16 19:54:55,586 ERROR   [wsgi-server-check-v3.py:66(application)] Argument Error : 7777, d79c8788088c2193f0244d8f1f36d2db, 5e7b84c8-7ec4-11e4-903f-e41f13653bfc, length=378
2014-12-16 19:54:55,593 ERROR   [wsgi-server-check-v3.py:66(application)] Argument Error : 7777, d79c8788088c2193f0244d8f1f36d2db, 5e7b84c8-7ec4-11e4-903f-e41f13653bfc, length=378
2014-12-16 19:54:55,665 ERROR   [wsgi-server-check-v3.py:66(application)] Argument Error : 7777, d79c8788088c2193f0244d8f1f36d2db, 5e7b84c8-7ec4-11e4-903f-e41f13653bfc, length=378
2014-12-16 19:54:55,665 ERROR   [wsgi-server-check-v3.py:66(application)] Argument Error : 7777, d79c8788088c2193f0244d8f1f36d2db, 5e7b84c8-7ec4-11e4-903f-e41f13653bfc, length=378
2014-12-16 19:54:55,853 ERROR   [wsgi-server-check-v3.py:66(application)] Argument Error : 7777, d79c8788088c2193f0244d8f1f36d2db, 5e7b84c8-7ec4-11e4-903f-e41f13653bfc, length=378
2014-12-16 19:54:56,279 ERROR   [wsgi-server-check-v3.py:66(application)] Argument Error : 7777, d79c8788088c2193f0244d8f1f36d2db, 5e7b84c8-7ec4-11e4-903f-e41f13653bfc, length=378
2014-12-16 19:55:15,253 ERROR   [wsgi-server-check-v3.py:66(application)] Argument Error : 7777, d79c8788088c2193f0244d8f1f36d2db, 5e7b84c8-7ec4-11e4-903f-e41f13653bfc, length=378
2014-12-16 19:55:15,281 ERROR   [wsgi-server-check-v3.py:66(application)] Argument Error : 7777, d79c8788088c2193f0244d8f1f36d2db, 5e7b84c8-7ec4-11e4-903f-e41f13653bfc, length=378
2014-12-16 19:55:15,283 ERROR   [wsgi-server-check-v3.py:66(application)] Argument Error : 7777, d79c8788088c2193f0244d8f1f36d2db, 5e7b84c8-7ec4-11e4-903f-e41f13653bfc, length=378
2014-12-16 19:55:15,321 ERROR   [wsgi-server-check-v3.py:66(application)] Argument Error : 7777, d79c8788088c2193f0244d8f1f36d2db, 5e7b84c8-7ec4-11e4-903f-e41f13653bfc, length=378
2014-12-16 19:55:15,334 ERROR   [wsgi-server-check-v3.py:66(application)] Argument Error : 7777, d79c8788088c2193f0244d8f1f36d2db, 5e7b84c8-7ec4-11e4-903f-e41f13653bfc, length=378
2014-12-16 19:55:15,335 ERROR   [wsgi-server-check-v3.py:66(application)] Argument Error : 7777, d79c8788088c2193f0244d8f1f36d2db, 5e7b84c8-7ec4-11e4-903f-e41f13653bfc, length=378
2014-12-16 19:55:15,409 ERROR   [wsgi-server-check-v3.py:66(application)] Argument Error : 7777, d79c8788088c2193f0244d8f1f36d2db, 5e7b84c8-7ec4-11e4-903f-e41f13653bfc, length=378
2014-12-16 19:55:15,536 ERROR   [wsgi-server-check-v3.py:66(application)] Argument Error : 7777, d79c8788088c2193f0244d8f1f36d2db, 5e7b84c8-7ec4-11e4-903f-e41f13653bfc, length=378
2014-12-16 19:55:15,536 ERROR   [wsgi-server-check-v3.py:66(application)] Argument Error : 7777, d79c8788088c2193f0244d8f1f36d2db, 5e7b84c8-7ec4-11e4-903f-e41f13653bfc, length=378
2014-12-16 19:55:15,616 ERROR   [wsgi-server-check-v3.py:66(application)] Argument Error : 7777, d79c8788088c2193f0244d8f1f36d2db, 5e7b84c8-7ec4-11e4-903f-e41f13653bfc, length=378
2014-12-16 19:55:15,625 ERROR   [wsgi-server-check-v3.py:66(application)] Argument Error : 7777, d79c8788088c2193f0244d8f1f36d2db, 5e7b84c8-7ec4-11e4-903f-e41f13653bfc, length=378
2014-12-16 19:55:15,628 ERROR   [wsgi-server-check-v3.py:66(application)] Argument Error : 7777, d79c8788088c2193f0244d8f1f36d2db, 5e7b84c8-7ec4-11e4-903f-e41f13653bfc, length=378
2014-12-16 19:55:15,629 ERROR   [wsgi-server-check-v3.py:66(application)] Argument Error : 7777, d79c8788088c2193f0244d8f1f36d2db, 5e7b84c8-7ec4-11e4-903f-e41f13653bfc, length=378
2014-12-16 19:55:15,721 ERROR   [wsgi-server-check-v3.py:66(application)] Argument Error : 7777, d79c8788088c2193f0244d8f1f36d2db, 5e7b84c8-7ec4-11e4-903f-e41f13653bfc, length=378
2014-12-16 19:55:15,722 ERROR   [wsgi-server-check-v3.py:66(application)] Argument Error : 7777, d79c8788088c2193f0244d8f1f36d2db, 5e7b84c8-7ec4-11e4-903f-e41f13653bfc, length=378
2014-12-16 19:55:15,737 ERROR   [wsgi-server-check-v3.py:66(application)] Argument Error : 7777, d79c8788088c2193f0244d8f1f36d2db, 5e7b84c8-7ec4-11e4-903f-e41f13653bfc, length=378
2014-12-16 19:55:15,769 ERROR   [wsgi-server-check-v3.py:66(application)] Argument Error : 7777, d79c8788088c2193f0244d8f1f36d2db, 5e7b84c8-7ec4-11e4-903f-e41f13653bfc, length=378
2014-12-16 19:55:15,819 ERROR   [wsgi-server-check-v3.py:66(application)] Argument Error : 7777, d79c8788088c2193f0244d8f1f36d2db, 5e7b84c8-7ec4-11e4-903f-e41f13653bfc, length=378
2014-12-16 19:55:15,852 ERROR   [wsgi-server-check-v3.py:66(application)] Argument Error : 7777, d79c8788088c2193f0244d8f1f36d2db, 5e7b84c8-7ec4-11e4-903f-e41f13653bfc, length=378
2014-12-16 19:55:16,022 ERROR   [wsgi-server-check-v3.py:66(application)] Argument Error : 7777, d79c8788088c2193f0244d8f1f36d2db, 5e7b84c8-7ec4-11e4-903f-e41f13653bfc, length=378
2014-12-16 19:55:16,025 ERROR   [wsgi-server-check-v3.py:66(application)] Argument Error : 7777, d79c8788088c2193f0244d8f1f36d2db, 5e7b84c8-7ec4-11e4-903f-e41f13653bfc, length=378
2014-12-16 19:55:16,865 ERROR   [wsgi-server-check-v3.py:66(application)] Argument Error : 7777, d79c8788088c2193f0244d8f1f36d2db, 5e7b84c8-7ec4-11e4-903f-e41f13653bfc, length=378
2014-12-16 19:55:17,274 ERROR   [wsgi-server-check-v3.py:66(application)] Argument Error : 7777, d79c8788088c2193f0244d8f1f36d2db, 5e7b84c8-7ec4-11e4-903f-e41f13653bfc, length=378
2014-12-16 20:02:11,042 ERROR   [wsgi-server-check-v3.py:66(application)] Argument Error : 7777, d79c8788088c2193f0244d8f1f36d2db, 5e7b84c8-7ec4-11e4-903f-e41f13653bfc, length=378
2014-12-16 20:02:25,737 ERROR   [wsgi-server-check-v3.py:66(application)] Argument Error : 7777, d79c8788088c2193f0244d8f1f36d2db, 5e7b84c8-7ec4-11e4-903f-e41f13653bfc, length=378
